<?xml version="1.0" encoding="UTF-8"?>
<testng-results skipped="1" failed="0" ignored="0" total="1" passed="0">
  <reporter-output>
  </reporter-output>
  <suite name="Default suite" duration-ms="9456" started-at="2021-12-15T13:19:18Z" finished-at="2021-12-15T13:19:27Z">
    <groups>
    </groups>
    <test name="Default test" duration-ms="9456" started-at="2021-12-15T13:19:18Z" finished-at="2021-12-15T13:19:27Z">
      <class name="pom.pan.testcases.TC008">
        <test-method status="PASS" signature="beforeSuite()[pri:0, instance:pom.pan.testcases.TC008@5ce81285]" name="beforeSuite" is-config="true" duration-ms="1528" started-at="2021-12-15T13:19:16Z" finished-at="2021-12-15T13:19:18Z">
          <reporter-output>
          </reporter-output>
        </test-method> <!-- beforeSuite -->
        <test-method status="PASS" signature="beforeTest()[pri:0, instance:pom.pan.testcases.TC008@5ce81285]" name="beforeTest" is-config="true" duration-ms="0" started-at="2021-12-15T13:19:18Z" finished-at="2021-12-15T13:19:18Z">
          <reporter-output>
          </reporter-output>
        </test-method> <!-- beforeTest -->
        <test-method status="PASS" signature="beforeClass()[pri:0, instance:pom.pan.testcases.TC008@5ce81285]" name="beforeClass" is-config="true" duration-ms="0" started-at="2021-12-15T13:19:18Z" finished-at="2021-12-15T13:19:18Z">
          <reporter-output>
          </reporter-output>
        </test-method> <!-- beforeClass -->
        <test-method status="FAIL" signature="beforeMethod()[pri:0, instance:pom.pan.testcases.TC008@5ce81285]" name="beforeMethod" is-config="true" duration-ms="9368" started-at="2021-12-15T13:19:18Z" finished-at="2021-12-15T13:19:27Z">
          <exception class="java.lang.StackOverflowError">
            <full-stacktrace>
              <![CDATA[java.lang.StackOverflowError
at utils.Reporting.reportStep(Reporting.java:33)
at wrappers.GenericWrappers.takeSnap(GenericWrappers.java:799)
at utils.Reporting.reportStep(Reporting.java:33)
at wrappers.GenericWrappers.takeSnap(GenericWrappers.java:799)
at utils.Reporting.reportStep(Reporting.java:33)
at wrappers.GenericWrappers.takeSnap(GenericWrappers.java:799)
at utils.Reporting.reportStep(Reporting.java:33)
at wrappers.GenericWrappers.takeSnap(GenericWrappers.java:799)
at utils.Reporting.reportStep(Reporting.java:33)
at wrappers.GenericWrappers.takeSnap(GenericWrappers.java:799)
at utils.Reporting.reportStep(Reporting.java:33)
at wrappers.GenericWrappers.takeSnap(GenericWrappers.java:799)
at utils.Reporting.reportStep(Reporting.java:33)
at wrappers.GenericWrappers.takeSnap(GenericWrappers.java:799)
at utils.Reporting.reportStep(Reporting.java:33)
at wrappers.GenericWrappers.takeSnap(GenericWrappers.java:799)
at utils.Reporting.reportStep(Reporting.java:33)
at wrappers.GenericWrappers.takeSnap(GenericWrappers.java:799)
at utils.Reporting.reportStep(Reporting.java:33)
at wrappers.GenericWrappers.takeSnap(GenericWrappers.java:799)
at utils.Reporting.reportStep(Reporting.java:33)
at wrappers.GenericWrappers.takeSnap(GenericWrappers.java:799)
at utils.Reporting.reportStep(Reporting.java:33)
at wrappers.GenericWrappers.takeSnap(GenericWrappers.java:799)
at utils.Reporting.reportStep(Reporting.java:33)
at wrappers.GenericWrappers.takeSnap(GenericWrappers.java:799)
at utils.Reporting.reportStep(Reporting.java:33)
at wrappers.GenericWrappers.takeSnap(GenericWrappers.java:799)
at utils.Reporting.reportStep(Reporting.java:33)
at wrappers.GenericWrappers.takeSnap(GenericWrappers.java:799)
at utils.Reporting.reportStep(Reporting.java:33)
at wrappers.GenericWrappers.takeSnap(GenericWrappers.java:799)
at utils.Reporting.reportStep(Reporting.java:33)
at wrappers.GenericWrappers.takeSnap(GenericWrappers.java:799)
at utils.Reporting.reportStep(Reporting.java:33)
at wrappers.GenericWrappers.takeSnap(GenericWrappers.java:799)
at utils.Reporting.reportStep(Reporting.java:33)
at wrappers.GenericWrappers.takeSnap(GenericWrappers.java:799)
at utils.Reporting.reportStep(Reporting.java:33)
at wrappers.GenericWrappers.takeSnap(GenericWrappers.java:799)
at utils.Reporting.reportStep(Reporting.java:33)
at wrappers.GenericWrappers.takeSnap(GenericWrappers.java:799)
at utils.Reporting.reportStep(Reporting.java:33)
at wrappers.GenericWrappers.takeSnap(GenericWrappers.java:799)
at utils.Reporting.reportStep(Reporting.java:33)
at wrappers.GenericWrappers.takeSnap(GenericWrappers.java:799)
at utils.Reporting.reportStep(Reporting.java:33)
at wrappers.GenericWrappers.takeSnap(GenericWrappers.java:799)
at utils.Reporting.reportStep(Reporting.java:33)
at wrappers.GenericWrappers.takeSnap(GenericWrappers.java:799)
at utils.Reporting.reportStep(Reporting.java:33)
at wrappers.GenericWrappers.takeSnap(GenericWrappers.java:799)
at utils.Reporting.reportStep(Reporting.java:33)
at wrappers.GenericWrappers.takeSnap(GenericWrappers.java:799)
at utils.Reporting.reportStep(Reporting.java:33)
at wrappers.GenericWrappers.takeSnap(GenericWrappers.java:799)
at utils.Reporting.reportStep(Reporting.java:33)
at wrappers.GenericWrappers.takeSnap(GenericWrappers.java:799)
at utils.Reporting.reportStep(Reporting.java:33)
at wrappers.GenericWrappers.takeSnap(GenericWrappers.java:799)
at utils.Reporting.reportStep(Reporting.java:33)
at wrappers.GenericWrappers.takeSnap(GenericWrappers.java:799)
at utils.Reporting.reportStep(Reporting.java:33)
at wrappers.GenericWrappers.takeSnap(GenericWrappers.java:799)
at utils.Reporting.reportStep(Reporting.java:33)
at wrappers.GenericWrappers.takeSnap(GenericWrappers.java:799)
at utils.Reporting.reportStep(Reporting.java:33)
at wrappers.GenericWrappers.takeSnap(GenericWrappers.java:799)
at utils.Reporting.reportStep(Reporting.java:33)
at wrappers.GenericWrappers.takeSnap(GenericWrappers.java:799)
at utils.Reporting.reportStep(Reporting.java:33)
at wrappers.GenericWrappers.takeSnap(GenericWrappers.java:799)
at utils.Reporting.reportStep(Reporting.java:33)
at wrappers.GenericWrappers.takeSnap(GenericWrappers.java:799)
at utils.Reporting.reportStep(Reporting.java:33)
at wrappers.GenericWrappers.takeSnap(GenericWrappers.java:799)
at utils.Reporting.reportStep(Reporting.java:33)
at wrappers.GenericWrappers.takeSnap(GenericWrappers.java:799)
at utils.Reporting.reportStep(Reporting.java:33)
at wrappers.GenericWrappers.takeSnap(GenericWrappers.java:799)
at utils.Reporting.reportStep(Reporting.java:33)
at wrappers.GenericWrappers.takeSnap(GenericWrappers.java:799)
at utils.Reporting.reportStep(Reporting.java:33)
at wrappers.GenericWrappers.takeSnap(GenericWrappers.java:799)
at utils.Reporting.reportStep(Reporting.java:33)
at wrappers.GenericWrappers.takeSnap(GenericWrappers.java:799)
at utils.Reporting.reportStep(Reporting.java:33)
at wrappers.GenericWrappers.takeSnap(GenericWrappers.java:799)
at utils.Reporting.reportStep(Reporting.java:33)
at wrappers.GenericWrappers.takeSnap(GenericWrappers.java:799)
at utils.Reporting.reportStep(Reporting.java:33)
at wrappers.GenericWrappers.takeSnap(GenericWrappers.java:799)
at utils.Reporting.reportStep(Reporting.java:33)
at wrappers.GenericWrappers.takeSnap(GenericWrappers.java:799)
at utils.Reporting.reportStep(Reporting.java:33)
at wrappers.GenericWrappers.takeSnap(GenericWrappers.java:799)
at utils.Reporting.reportStep(Reporting.java:33)
at wrappers.GenericWrappers.takeSnap(GenericWrappers.java:799)
at utils.Reporting.reportStep(Reporting.java:33)
at wrappers.GenericWrappers.takeSnap(GenericWrappers.java:799)
at utils.Reporting.reportStep(Reporting.java:33)
at wrappers.GenericWrappers.takeSnap(GenericWrappers.java:799)
at utils.Reporting.reportStep(Reporting.java:33)
at wrappers.GenericWrappers.takeSnap(GenericWrappers.java:799)
at utils.Reporting.reportStep(Reporting.java:33)
at wrappers.GenericWrappers.takeSnap(GenericWrappers.java:799)
at utils.Reporting.reportStep(Reporting.java:33)
at wrappers.GenericWrappers.takeSnap(GenericWrappers.java:799)
at utils.Reporting.reportStep(Reporting.java:33)
at wrappers.GenericWrappers.takeSnap(GenericWrappers.java:799)
at utils.Reporting.reportStep(Reporting.java:33)
at wrappers.GenericWrappers.takeSnap(GenericWrappers.java:799)
at utils.Reporting.reportStep(Reporting.java:33)
at wrappers.GenericWrappers.takeSnap(GenericWrappers.java:799)
at utils.Reporting.reportStep(Reporting.java:33)
at wrappers.GenericWrappers.takeSnap(GenericWrappers.java:799)
at utils.Reporting.reportStep(Reporting.java:33)
at wrappers.GenericWrappers.takeSnap(GenericWrappers.java:799)
at utils.Reporting.reportStep(Reporting.java:33)
at wrappers.GenericWrappers.takeSnap(GenericWrappers.java:799)
at utils.Reporting.reportStep(Reporting.java:33)
at wrappers.GenericWrappers.takeSnap(GenericWrappers.java:799)
at utils.Reporting.reportStep(Reporting.java:33)
at wrappers.GenericWrappers.takeSnap(GenericWrappers.java:799)
at utils.Reporting.reportStep(Reporting.java:33)
at wrappers.GenericWrappers.takeSnap(GenericWrappers.java:799)
at utils.Reporting.reportStep(Reporting.java:33)
at wrappers.GenericWrappers.takeSnap(GenericWrappers.java:799)
at utils.Reporting.reportStep(Reporting.java:33)
at wrappers.GenericWrappers.takeSnap(GenericWrappers.java:799)
at utils.Reporting.reportStep(Reporting.java:33)
at wrappers.GenericWrappers.takeSnap(GenericWrappers.java:799)
at utils.Reporting.reportStep(Reporting.java:33)
at wrappers.GenericWrappers.takeSnap(GenericWrappers.java:799)
at utils.Reporting.reportStep(Reporting.java:33)
at wrappers.GenericWrappers.takeSnap(GenericWrappers.java:799)
at utils.Reporting.reportStep(Reporting.java:33)
at wrappers.GenericWrappers.takeSnap(GenericWrappers.java:799)
at utils.Reporting.reportStep(Reporting.java:33)
at wrappers.GenericWrappers.takeSnap(GenericWrappers.java:799)
at utils.Reporting.reportStep(Reporting.java:33)
at wrappers.GenericWrappers.takeSnap(GenericWrappers.java:799)
at utils.Reporting.reportStep(Reporting.java:33)
at wrappers.GenericWrappers.takeSnap(GenericWrappers.java:799)
at utils.Reporting.reportStep(Reporting.java:33)
at wrappers.GenericWrappers.takeSnap(GenericWrappers.java:799)
at utils.Reporting.reportStep(Reporting.java:33)
at wrappers.GenericWrappers.takeSnap(GenericWrappers.java:799)
at utils.Reporting.reportStep(Reporting.java:33)
at wrappers.GenericWrappers.takeSnap(GenericWrappers.java:799)
at utils.Reporting.reportStep(Reporting.java:33)
at wrappers.GenericWrappers.takeSnap(GenericWrappers.java:799)
at utils.Reporting.reportStep(Reporting.java:33)
at wrappers.GenericWrappers.takeSnap(GenericWrappers.java:799)
at utils.Reporting.reportStep(Reporting.java:33)
at wrappers.GenericWrappers.takeSnap(GenericWrappers.java:799)
at utils.Reporting.reportStep(Reporting.java:33)
at wrappers.GenericWrappers.takeSnap(GenericWrappers.java:799)
at utils.Reporting.reportStep(Reporting.java:33)
at wrappers.GenericWrappers.takeSnap(GenericWrappers.java:799)
at utils.Reporting.reportStep(Reporting.java:33)
at wrappers.GenericWrappers.takeSnap(GenericWrappers.java:799)
at utils.Reporting.reportStep(Reporting.java:33)
at wrappers.GenericWrappers.takeSnap(GenericWrappers.java:799)
at utils.Reporting.reportStep(Reporting.java:33)
at wrappers.GenericWrappers.takeSnap(GenericWrappers.java:799)
at utils.Reporting.reportStep(Reporting.java:33)
at wrappers.GenericWrappers.takeSnap(GenericWrappers.java:799)
at utils.Reporting.reportStep(Reporting.java:33)
at wrappers.GenericWrappers.takeSnap(GenericWrappers.java:799)
at utils.Reporting.reportStep(Reporting.java:33)
at wrappers.GenericWrappers.takeSnap(GenericWrappers.java:799)
at utils.Reporting.reportStep(Reporting.java:33)
at wrappers.GenericWrappers.takeSnap(GenericWrappers.java:799)
at utils.Reporting.reportStep(Reporting.java:33)
at wrappers.GenericWrappers.takeSnap(GenericWrappers.java:799)
at utils.Reporting.reportStep(Reporting.java:33)
at wrappers.GenericWrappers.takeSnap(GenericWrappers.java:799)
at utils.Reporting.reportStep(Reporting.java:33)
at wrappers.GenericWrappers.takeSnap(GenericWrappers.java:799)
at utils.Reporting.reportStep(Reporting.java:33)
at wrappers.GenericWrappers.takeSnap(GenericWrappers.java:799)
at utils.Reporting.reportStep(Reporting.java:33)
at wrappers.GenericWrappers.takeSnap(GenericWrappers.java:799)
at utils.Reporting.reportStep(Reporting.java:33)
at wrappers.GenericWrappers.takeSnap(GenericWrappers.java:799)
at utils.Reporting.reportStep(Reporting.java:33)
at wrappers.GenericWrappers.takeSnap(GenericWrappers.java:799)
at utils.Reporting.reportStep(Reporting.java:33)
at wrappers.GenericWrappers.takeSnap(GenericWrappers.java:799)
at utils.Reporting.reportStep(Reporting.java:33)
at wrappers.GenericWrappers.takeSnap(GenericWrappers.java:799)
at utils.Reporting.reportStep(Reporting.java:33)
at wrappers.GenericWrappers.takeSnap(GenericWrappers.java:799)
at utils.Reporting.reportStep(Reporting.java:33)
at wrappers.GenericWrappers.takeSnap(GenericWrappers.java:799)
at utils.Reporting.reportStep(Reporting.java:33)
at wrappers.GenericWrappers.takeSnap(GenericWrappers.java:799)
at utils.Reporting.reportStep(Reporting.java:33)
at wrappers.GenericWrappers.takeSnap(GenericWrappers.java:799)
at utils.Reporting.reportStep(Reporting.java:33)
at wrappers.GenericWrappers.takeSnap(GenericWrappers.java:799)
at utils.Reporting.reportStep(Reporting.java:33)
at wrappers.GenericWrappers.takeSnap(GenericWrappers.java:799)
at utils.Reporting.reportStep(Reporting.java:33)
at wrappers.GenericWrappers.takeSnap(GenericWrappers.java:799)
at utils.Reporting.reportStep(Reporting.java:33)
at wrappers.GenericWrappers.takeSnap(GenericWrappers.java:799)
at utils.Reporting.reportStep(Reporting.java:33)
at wrappers.GenericWrappers.takeSnap(GenericWrappers.java:799)
at utils.Reporting.reportStep(Reporting.java:33)
at wrappers.GenericWrappers.takeSnap(GenericWrappers.java:799)
at utils.Reporting.reportStep(Reporting.java:33)
at wrappers.GenericWrappers.takeSnap(GenericWrappers.java:799)
at utils.Reporting.reportStep(Reporting.java:33)
at wrappers.GenericWrappers.takeSnap(GenericWrappers.java:799)
at utils.Reporting.reportStep(Reporting.java:33)
at wrappers.GenericWrappers.takeSnap(GenericWrappers.java:799)
at utils.Reporting.reportStep(Reporting.java:33)
at wrappers.GenericWrappers.takeSnap(GenericWrappers.java:799)
at utils.Reporting.reportStep(Reporting.java:33)
at wrappers.GenericWrappers.takeSnap(GenericWrappers.java:799)
at utils.Reporting.reportStep(Reporting.java:33)
at wrappers.GenericWrappers.takeSnap(GenericWrappers.java:799)
at utils.Reporting.reportStep(Reporting.java:33)
at wrappers.GenericWrappers.takeSnap(GenericWrappers.java:799)
at utils.Reporting.reportStep(Reporting.java:33)
at wrappers.GenericWrappers.takeSnap(GenericWrappers.java:799)
at utils.Reporting.reportStep(Reporting.java:33)
at wrappers.GenericWrappers.takeSnap(GenericWrappers.java:799)
at utils.Reporting.reportStep(Reporting.java:33)
at wrappers.GenericWrappers.takeSnap(GenericWrappers.java:799)
at utils.Reporting.reportStep(Reporting.java:33)
at wrappers.GenericWrappers.takeSnap(GenericWrappers.java:799)
at utils.Reporting.reportStep(Reporting.java:33)
at wrappers.GenericWrappers.takeSnap(GenericWrappers.java:799)
at utils.Reporting.reportStep(Reporting.java:33)
at wrappers.GenericWrappers.takeSnap(GenericWrappers.java:799)
at utils.Reporting.reportStep(Reporting.java:33)
at wrappers.GenericWrappers.takeSnap(GenericWrappers.java:799)
at utils.Reporting.reportStep(Reporting.java:33)
at wrappers.GenericWrappers.takeSnap(GenericWrappers.java:799)
at utils.Reporting.reportStep(Reporting.java:33)
at wrappers.GenericWrappers.takeSnap(GenericWrappers.java:799)
at utils.Reporting.reportStep(Reporting.java:33)
at wrappers.GenericWrappers.takeSnap(GenericWrappers.java:799)
at utils.Reporting.reportStep(Reporting.java:33)
at wrappers.GenericWrappers.takeSnap(GenericWrappers.java:799)
at utils.Reporting.reportStep(Reporting.java:33)
at wrappers.GenericWrappers.takeSnap(GenericWrappers.java:799)
at utils.Reporting.reportStep(Reporting.java:33)
at wrappers.GenericWrappers.takeSnap(GenericWrappers.java:799)
at utils.Reporting.reportStep(Reporting.java:33)
at wrappers.GenericWrappers.takeSnap(GenericWrappers.java:799)
at utils.Reporting.reportStep(Reporting.java:33)
at wrappers.GenericWrappers.takeSnap(GenericWrappers.java:799)
at utils.Reporting.reportStep(Reporting.java:33)
at wrappers.GenericWrappers.takeSnap(GenericWrappers.java:799)
at utils.Reporting.reportStep(Reporting.java:33)
at wrappers.GenericWrappers.takeSnap(GenericWrappers.java:799)
at utils.Reporting.reportStep(Reporting.java:33)
at wrappers.GenericWrappers.takeSnap(GenericWrappers.java:799)
at utils.Reporting.reportStep(Reporting.java:33)
at wrappers.GenericWrappers.takeSnap(GenericWrappers.java:799)
at utils.Reporting.reportStep(Reporting.java:33)
at wrappers.GenericWrappers.takeSnap(GenericWrappers.java:799)
at utils.Reporting.reportStep(Reporting.java:33)
at wrappers.GenericWrappers.takeSnap(GenericWrappers.java:799)
at utils.Reporting.reportStep(Reporting.java:33)
at wrappers.GenericWrappers.takeSnap(GenericWrappers.java:799)
at utils.Reporting.reportStep(Reporting.java:33)
at wrappers.GenericWrappers.takeSnap(GenericWrappers.java:799)
at utils.Reporting.reportStep(Reporting.java:33)
at wrappers.GenericWrappers.takeSnap(GenericWrappers.java:799)
at utils.Reporting.reportStep(Reporting.java:33)
at wrappers.GenericWrappers.takeSnap(GenericWrappers.java:799)
at utils.Reporting.reportStep(Reporting.java:33)
at wrappers.GenericWrappers.takeSnap(GenericWrappers.java:799)
at utils.Reporting.reportStep(Reporting.java:33)
at wrappers.GenericWrappers.takeSnap(GenericWrappers.java:799)
at utils.Reporting.reportStep(Reporting.java:33)
at wrappers.GenericWrappers.takeSnap(GenericWrappers.java:799)
at utils.Reporting.reportStep(Reporting.java:33)
at wrappers.GenericWrappers.takeSnap(GenericWrappers.java:799)
at utils.Reporting.reportStep(Reporting.java:33)
at wrappers.GenericWrappers.takeSnap(GenericWrappers.java:799)
at utils.Reporting.reportStep(Reporting.java:33)
at wrappers.GenericWrappers.takeSnap(GenericWrappers.java:799)
at utils.Reporting.reportStep(Reporting.java:33)
at wrappers.GenericWrappers.takeSnap(GenericWrappers.java:799)
at utils.Reporting.reportStep(Reporting.java:33)
at wrappers.GenericWrappers.takeSnap(GenericWrappers.java:799)
at utils.Reporting.reportStep(Reporting.java:33)
at wrappers.GenericWrappers.takeSnap(GenericWrappers.java:799)
at utils.Reporting.reportStep(Reporting.java:33)
at wrappers.GenericWrappers.takeSnap(GenericWrappers.java:799)
at utils.Reporting.reportStep(Reporting.java:33)
at wrappers.GenericWrappers.takeSnap(GenericWrappers.java:799)
at utils.Reporting.reportStep(Reporting.java:33)
at wrappers.GenericWrappers.takeSnap(GenericWrappers.java:799)
at utils.Reporting.reportStep(Reporting.java:33)
at wrappers.GenericWrappers.takeSnap(GenericWrappers.java:799)
at utils.Reporting.reportStep(Reporting.java:33)
at wrappers.GenericWrappers.takeSnap(GenericWrappers.java:799)
at utils.Reporting.reportStep(Reporting.java:33)
at wrappers.GenericWrappers.takeSnap(GenericWrappers.java:799)
at utils.Reporting.reportStep(Reporting.java:33)
at wrappers.GenericWrappers.takeSnap(GenericWrappers.java:799)
at utils.Reporting.reportStep(Reporting.java:33)
at wrappers.GenericWrappers.takeSnap(GenericWrappers.java:799)
at utils.Reporting.reportStep(Reporting.java:33)
at wrappers.GenericWrappers.takeSnap(GenericWrappers.java:799)
at utils.Reporting.reportStep(Reporting.java:33)
at wrappers.GenericWrappers.takeSnap(GenericWrappers.java:799)
at utils.Reporting.reportStep(Reporting.java:33)
at wrappers.GenericWrappers.takeSnap(GenericWrappers.java:799)
at utils.Reporting.reportStep(Reporting.java:33)
at wrappers.GenericWrappers.takeSnap(GenericWrappers.java:799)
at utils.Reporting.reportStep(Reporting.java:33)
at wrappers.GenericWrappers.takeSnap(GenericWrappers.java:799)
at utils.Reporting.reportStep(Reporting.java:33)
at wrappers.GenericWrappers.takeSnap(GenericWrappers.java:799)
at utils.Reporting.reportStep(Reporting.java:33)
at wrappers.GenericWrappers.takeSnap(GenericWrappers.java:799)
at utils.Reporting.reportStep(Reporting.java:33)
at wrappers.GenericWrappers.takeSnap(GenericWrappers.java:799)
at utils.Reporting.reportStep(Reporting.java:33)
at wrappers.GenericWrappers.takeSnap(GenericWrappers.java:799)
at utils.Reporting.reportStep(Reporting.java:33)
at wrappers.GenericWrappers.takeSnap(GenericWrappers.java:799)
at utils.Reporting.reportStep(Reporting.java:33)
at wrappers.GenericWrappers.takeSnap(GenericWrappers.java:799)
at utils.Reporting.reportStep(Reporting.java:33)
at wrappers.GenericWrappers.takeSnap(GenericWrappers.java:799)
at utils.Reporting.reportStep(Reporting.java:33)
at wrappers.GenericWrappers.takeSnap(GenericWrappers.java:799)
at utils.Reporting.reportStep(Reporting.java:33)
at wrappers.GenericWrappers.takeSnap(GenericWrappers.java:799)
at utils.Reporting.reportStep(Reporting.java:33)
at wrappers.GenericWrappers.takeSnap(GenericWrappers.java:799)
at utils.Reporting.reportStep(Reporting.java:33)
at wrappers.GenericWrappers.takeSnap(GenericWrappers.java:799)
at utils.Reporting.reportStep(Reporting.java:33)
at wrappers.GenericWrappers.takeSnap(GenericWrappers.java:799)
at utils.Reporting.reportStep(Reporting.java:33)
at wrappers.GenericWrappers.takeSnap(GenericWrappers.java:799)
at utils.Reporting.reportStep(Reporting.java:33)
at wrappers.GenericWrappers.takeSnap(GenericWrappers.java:799)
at utils.Reporting.reportStep(Reporting.java:33)
at wrappers.GenericWrappers.takeSnap(GenericWrappers.java:799)
at utils.Reporting.reportStep(Reporting.java:33)
at wrappers.GenericWrappers.takeSnap(GenericWrappers.java:799)
at utils.Reporting.reportStep(Reporting.java:33)
at wrappers.GenericWrappers.takeSnap(GenericWrappers.java:799)
at utils.Reporting.reportStep(Reporting.java:33)
at wrappers.GenericWrappers.takeSnap(GenericWrappers.java:799)
at utils.Reporting.reportStep(Reporting.java:33)
at wrappers.GenericWrappers.takeSnap(GenericWrappers.java:799)
at utils.Reporting.reportStep(Reporting.java:33)
at wrappers.GenericWrappers.takeSnap(GenericWrappers.java:799)
at utils.Reporting.reportStep(Reporting.java:33)
at wrappers.GenericWrappers.takeSnap(GenericWrappers.java:799)
at utils.Reporting.reportStep(Reporting.java:33)
at wrappers.GenericWrappers.takeSnap(GenericWrappers.java:799)
at utils.Reporting.reportStep(Reporting.java:33)
at wrappers.GenericWrappers.takeSnap(GenericWrappers.java:799)
at utils.Reporting.reportStep(Reporting.java:33)
at wrappers.GenericWrappers.takeSnap(GenericWrappers.java:799)
at utils.Reporting.reportStep(Reporting.java:33)
at wrappers.GenericWrappers.takeSnap(GenericWrappers.java:799)
at utils.Reporting.reportStep(Reporting.java:33)
at wrappers.GenericWrappers.takeSnap(GenericWrappers.java:799)
at utils.Reporting.reportStep(Reporting.java:33)
at wrappers.GenericWrappers.takeSnap(GenericWrappers.java:799)
at utils.Reporting.reportStep(Reporting.java:33)
at wrappers.GenericWrappers.takeSnap(GenericWrappers.java:799)
at utils.Reporting.reportStep(Reporting.java:33)
at wrappers.GenericWrappers.takeSnap(GenericWrappers.java:799)
at utils.Reporting.reportStep(Reporting.java:33)
at wrappers.GenericWrappers.takeSnap(GenericWrappers.java:799)
at utils.Reporting.reportStep(Reporting.java:33)
at wrappers.GenericWrappers.takeSnap(GenericWrappers.java:799)
at utils.Reporting.reportStep(Reporting.java:33)
at wrappers.GenericWrappers.takeSnap(GenericWrappers.java:799)
at utils.Reporting.reportStep(Reporting.java:33)
at wrappers.GenericWrappers.takeSnap(GenericWrappers.java:799)
at utils.Reporting.reportStep(Reporting.java:33)
at wrappers.GenericWrappers.takeSnap(GenericWrappers.java:799)
at utils.Reporting.reportStep(Reporting.java:33)
at wrappers.GenericWrappers.takeSnap(GenericWrappers.java:799)
at utils.Reporting.reportStep(Reporting.java:33)
at wrappers.GenericWrappers.takeSnap(GenericWrappers.java:799)
at utils.Reporting.reportStep(Reporting.java:33)
at wrappers.GenericWrappers.takeSnap(GenericWrappers.java:799)
at utils.Reporting.reportStep(Reporting.java:33)
at wrappers.GenericWrappers.takeSnap(GenericWrappers.java:799)
at utils.Reporting.reportStep(Reporting.java:33)
at wrappers.GenericWrappers.takeSnap(GenericWrappers.java:799)
at utils.Reporting.reportStep(Reporting.java:33)
at wrappers.GenericWrappers.takeSnap(GenericWrappers.java:799)
at utils.Reporting.reportStep(Reporting.java:33)
at wrappers.GenericWrappers.takeSnap(GenericWrappers.java:799)
at utils.Reporting.reportStep(Reporting.java:33)
at wrappers.GenericWrappers.takeSnap(GenericWrappers.java:799)
at utils.Reporting.reportStep(Reporting.java:33)
at wrappers.GenericWrappers.takeSnap(GenericWrappers.java:799)
at utils.Reporting.reportStep(Reporting.java:33)
at wrappers.GenericWrappers.takeSnap(GenericWrappers.java:799)
at utils.Reporting.reportStep(Reporting.java:33)
at wrappers.GenericWrappers.takeSnap(GenericWrappers.java:799)
at utils.Reporting.reportStep(Reporting.java:33)
at wrappers.GenericWrappers.takeSnap(GenericWrappers.java:799)
at utils.Reporting.reportStep(Reporting.java:33)
at wrappers.GenericWrappers.takeSnap(GenericWrappers.java:799)
at utils.Reporting.reportStep(Reporting.java:33)
at wrappers.GenericWrappers.takeSnap(GenericWrappers.java:799)
at utils.Reporting.reportStep(Reporting.java:33)
at wrappers.GenericWrappers.takeSnap(GenericWrappers.java:799)
at utils.Reporting.reportStep(Reporting.java:33)
at wrappers.GenericWrappers.takeSnap(GenericWrappers.java:799)
at utils.Reporting.reportStep(Reporting.java:33)
at wrappers.GenericWrappers.takeSnap(GenericWrappers.java:799)
at utils.Reporting.reportStep(Reporting.java:33)
at wrappers.GenericWrappers.takeSnap(GenericWrappers.java:799)
at utils.Reporting.reportStep(Reporting.java:33)
at wrappers.GenericWrappers.takeSnap(GenericWrappers.java:799)
at utils.Reporting.reportStep(Reporting.java:33)
at wrappers.GenericWrappers.takeSnap(GenericWrappers.java:799)
at utils.Reporting.reportStep(Reporting.java:33)
at wrappers.GenericWrappers.takeSnap(GenericWrappers.java:799)
at utils.Reporting.reportStep(Reporting.java:33)
at wrappers.GenericWrappers.takeSnap(GenericWrappers.java:799)
at utils.Reporting.reportStep(Reporting.java:33)
at wrappers.GenericWrappers.takeSnap(GenericWrappers.java:799)
at utils.Reporting.reportStep(Reporting.java:33)
at wrappers.GenericWrappers.takeSnap(GenericWrappers.java:799)
at utils.Reporting.reportStep(Reporting.java:33)
at wrappers.GenericWrappers.takeSnap(GenericWrappers.java:799)
at utils.Reporting.reportStep(Reporting.java:33)
at wrappers.GenericWrappers.takeSnap(GenericWrappers.java:799)
at utils.Reporting.reportStep(Reporting.java:33)
at wrappers.GenericWrappers.takeSnap(GenericWrappers.java:799)
at utils.Reporting.reportStep(Reporting.java:33)
at wrappers.GenericWrappers.takeSnap(GenericWrappers.java:799)
at utils.Reporting.reportStep(Reporting.java:33)
at wrappers.GenericWrappers.takeSnap(GenericWrappers.java:799)
at utils.Reporting.reportStep(Reporting.java:33)
at wrappers.GenericWrappers.takeSnap(GenericWrappers.java:799)
at utils.Reporting.reportStep(Reporting.java:33)
at wrappers.GenericWrappers.takeSnap(GenericWrappers.java:799)
at utils.Reporting.reportStep(Reporting.java:33)
at wrappers.GenericWrappers.takeSnap(GenericWrappers.java:799)
at utils.Reporting.reportStep(Reporting.java:33)
at wrappers.GenericWrappers.takeSnap(GenericWrappers.java:799)
at utils.Reporting.reportStep(Reporting.java:33)
at wrappers.GenericWrappers.takeSnap(GenericWrappers.java:799)
at utils.Reporting.reportStep(Reporting.java:33)
at wrappers.GenericWrappers.takeSnap(GenericWrappers.java:799)
at utils.Reporting.reportStep(Reporting.java:33)
at wrappers.GenericWrappers.takeSnap(GenericWrappers.java:799)
at utils.Reporting.reportStep(Reporting.java:33)
at wrappers.GenericWrappers.takeSnap(GenericWrappers.java:799)
at utils.Reporting.reportStep(Reporting.java:33)
at wrappers.GenericWrappers.takeSnap(GenericWrappers.java:799)
at utils.Reporting.reportStep(Reporting.java:33)
at wrappers.GenericWrappers.takeSnap(GenericWrappers.java:799)
at utils.Reporting.reportStep(Reporting.java:33)
at wrappers.GenericWrappers.takeSnap(GenericWrappers.java:799)
at utils.Reporting.reportStep(Reporting.java:33)
at wrappers.GenericWrappers.takeSnap(GenericWrappers.java:799)
at utils.Reporting.reportStep(Reporting.java:33)
at wrappers.GenericWrappers.takeSnap(GenericWrappers.java:799)
at utils.Reporting.reportStep(Reporting.java:33)
at wrappers.GenericWrappers.takeSnap(GenericWrappers.java:799)
at utils.Reporting.reportStep(Reporting.java:33)
at wrappers.GenericWrappers.takeSnap(GenericWrappers.java:799)
at utils.Reporting.reportStep(Reporting.java:33)
at wrappers.GenericWrappers.takeSnap(GenericWrappers.java:799)
at utils.Reporting.reportStep(Reporting.java:33)
at wrappers.GenericWrappers.takeSnap(GenericWrappers.java:799)
at utils.Reporting.reportStep(Reporting.java:33)
at wrappers.GenericWrappers.takeSnap(GenericWrappers.java:799)
at utils.Reporting.reportStep(Reporting.java:33)
at wrappers.GenericWrappers.takeSnap(GenericWrappers.java:799)
at utils.Reporting.reportStep(Reporting.java:33)
at wrappers.GenericWrappers.takeSnap(GenericWrappers.java:799)
at utils.Reporting.reportStep(Reporting.java:33)
at wrappers.GenericWrappers.takeSnap(GenericWrappers.java:799)
at utils.Reporting.reportStep(Reporting.java:33)
at wrappers.GenericWrappers.takeSnap(GenericWrappers.java:799)
at utils.Reporting.reportStep(Reporting.java:33)
at wrappers.GenericWrappers.takeSnap(GenericWrappers.java:799)
at utils.Reporting.reportStep(Reporting.java:33)
at wrappers.GenericWrappers.takeSnap(GenericWrappers.java:799)
at utils.Reporting.reportStep(Reporting.java:33)
at wrappers.GenericWrappers.takeSnap(GenericWrappers.java:799)
at utils.Reporting.reportStep(Reporting.java:33)
at wrappers.GenericWrappers.takeSnap(GenericWrappers.java:799)
at utils.Reporting.reportStep(Reporting.java:33)
at wrappers.GenericWrappers.takeSnap(GenericWrappers.java:799)
at utils.Reporting.reportStep(Reporting.java:33)
at wrappers.GenericWrappers.takeSnap(GenericWrappers.java:799)
at utils.Reporting.reportStep(Reporting.java:33)
at wrappers.GenericWrappers.takeSnap(GenericWrappers.java:799)
at utils.Reporting.reportStep(Reporting.java:33)
at wrappers.GenericWrappers.takeSnap(GenericWrappers.java:799)
at utils.Reporting.reportStep(Reporting.java:33)
at wrappers.GenericWrappers.takeSnap(GenericWrappers.java:799)
at utils.Reporting.reportStep(Reporting.java:33)
at wrappers.GenericWrappers.takeSnap(GenericWrappers.java:799)
at utils.Reporting.reportStep(Reporting.java:33)
at wrappers.GenericWrappers.takeSnap(GenericWrappers.java:799)
at utils.Reporting.reportStep(Reporting.java:33)
at wrappers.GenericWrappers.takeSnap(GenericWrappers.java:799)
at utils.Reporting.reportStep(Reporting.java:33)
at wrappers.GenericWrappers.takeSnap(GenericWrappers.java:799)
at utils.Reporting.reportStep(Reporting.java:33)
at wrappers.GenericWrappers.takeSnap(GenericWrappers.java:799)
at utils.Reporting.reportStep(Reporting.java:33)
at wrappers.GenericWrappers.takeSnap(GenericWrappers.java:799)
at utils.Reporting.reportStep(Reporting.java:33)
at wrappers.GenericWrappers.takeSnap(GenericWrappers.java:799)
at utils.Reporting.reportStep(Reporting.java:33)
at wrappers.GenericWrappers.takeSnap(GenericWrappers.java:799)
at utils.Reporting.reportStep(Reporting.java:33)
at wrappers.GenericWrappers.takeSnap(GenericWrappers.java:799)
at utils.Reporting.reportStep(Reporting.java:33)
at wrappers.GenericWrappers.takeSnap(GenericWrappers.java:799)
at utils.Reporting.reportStep(Reporting.java:33)
at wrappers.GenericWrappers.takeSnap(GenericWrappers.java:799)
at utils.Reporting.reportStep(Reporting.java:33)
at wrappers.GenericWrappers.takeSnap(GenericWrappers.java:799)
at utils.Reporting.reportStep(Reporting.java:33)
at wrappers.GenericWrappers.takeSnap(GenericWrappers.java:799)
at utils.Reporting.reportStep(Reporting.java:33)
at wrappers.GenericWrappers.takeSnap(GenericWrappers.java:799)
at utils.Reporting.reportStep(Reporting.java:33)
at wrappers.GenericWrappers.takeSnap(GenericWrappers.java:799)
at utils.Reporting.reportStep(Reporting.java:33)
at wrappers.GenericWrappers.takeSnap(GenericWrappers.java:799)
at utils.Reporting.reportStep(Reporting.java:33)
at wrappers.GenericWrappers.takeSnap(GenericWrappers.java:799)
at utils.Reporting.reportStep(Reporting.java:33)
at wrappers.GenericWrappers.takeSnap(GenericWrappers.java:799)
at utils.Reporting.reportStep(Reporting.java:33)
at wrappers.GenericWrappers.takeSnap(GenericWrappers.java:799)
at utils.Reporting.reportStep(Reporting.java:33)
at wrappers.GenericWrappers.takeSnap(GenericWrappers.java:799)
at utils.Reporting.reportStep(Reporting.java:33)
at wrappers.GenericWrappers.takeSnap(GenericWrappers.java:799)
at utils.Reporting.reportStep(Reporting.java:33)
at wrappers.GenericWrappers.takeSnap(GenericWrappers.java:799)
at utils.Reporting.reportStep(Reporting.java:33)
at wrappers.GenericWrappers.takeSnap(GenericWrappers.java:799)
at utils.Reporting.reportStep(Reporting.java:33)
at wrappers.GenericWrappers.takeSnap(GenericWrappers.java:799)
at utils.Reporting.reportStep(Reporting.java:33)
at wrappers.GenericWrappers.takeSnap(GenericWrappers.java:799)
at utils.Reporting.reportStep(Reporting.java:33)
at wrappers.GenericWrappers.takeSnap(GenericWrappers.java:799)
at utils.Reporting.reportStep(Reporting.java:33)
at wrappers.GenericWrappers.takeSnap(GenericWrappers.java:799)
at utils.Reporting.reportStep(Reporting.java:33)
at wrappers.GenericWrappers.takeSnap(GenericWrappers.java:799)
at utils.Reporting.reportStep(Reporting.java:33)
at wrappers.GenericWrappers.takeSnap(GenericWrappers.java:799)
at utils.Reporting.reportStep(Reporting.java:33)
at wrappers.GenericWrappers.takeSnap(GenericWrappers.java:799)
at utils.Reporting.reportStep(Reporting.java:33)
at wrappers.GenericWrappers.takeSnap(GenericWrappers.java:799)
at utils.Reporting.reportStep(Reporting.java:33)
at wrappers.GenericWrappers.takeSnap(GenericWrappers.java:799)
at utils.Reporting.reportStep(Reporting.java:33)
at wrappers.GenericWrappers.takeSnap(GenericWrappers.java:799)
at utils.Reporting.reportStep(Reporting.java:33)
at wrappers.GenericWrappers.takeSnap(GenericWrappers.java:799)
at utils.Reporting.reportStep(Reporting.java:33)
at wrappers.GenericWrappers.takeSnap(GenericWrappers.java:799)
at utils.Reporting.reportStep(Reporting.java:33)
at wrappers.GenericWrappers.takeSnap(GenericWrappers.java:799)
at utils.Reporting.reportStep(Reporting.java:33)
at wrappers.GenericWrappers.takeSnap(GenericWrappers.java:799)
at utils.Reporting.reportStep(Reporting.java:33)
at wrappers.GenericWrappers.takeSnap(GenericWrappers.java:799)
at utils.Reporting.reportStep(Reporting.java:33)
at wrappers.GenericWrappers.takeSnap(GenericWrappers.java:799)
at utils.Reporting.reportStep(Reporting.java:33)
at wrappers.GenericWrappers.takeSnap(GenericWrappers.java:799)
at utils.Reporting.reportStep(Reporting.java:33)
at wrappers.GenericWrappers.takeSnap(GenericWrappers.java:799)
at utils.Reporting.reportStep(Reporting.java:33)
at wrappers.GenericWrappers.takeSnap(GenericWrappers.java:799)
at utils.Reporting.reportStep(Reporting.java:33)
at wrappers.GenericWrappers.takeSnap(GenericWrappers.java:799)
at utils.Reporting.reportStep(Reporting.java:33)
at wrappers.GenericWrappers.takeSnap(GenericWrappers.java:799)
at utils.Reporting.reportStep(Reporting.java:33)
at wrappers.GenericWrappers.takeSnap(GenericWrappers.java:799)
at utils.Reporting.reportStep(Reporting.java:33)
at wrappers.GenericWrappers.takeSnap(GenericWrappers.java:799)
at utils.Reporting.reportStep(Reporting.java:33)
at wrappers.GenericWrappers.takeSnap(GenericWrappers.java:799)
at utils.Reporting.reportStep(Reporting.java:33)
at wrappers.GenericWrappers.takeSnap(GenericWrappers.java:799)
at utils.Reporting.reportStep(Reporting.java:33)
at wrappers.GenericWrappers.takeSnap(GenericWrappers.java:799)
at utils.Reporting.reportStep(Reporting.java:33)
at wrappers.GenericWrappers.takeSnap(GenericWrappers.java:799)
at utils.Reporting.reportStep(Reporting.java:33)
at wrappers.GenericWrappers.takeSnap(GenericWrappers.java:799)
at utils.Reporting.reportStep(Reporting.java:33)
at wrappers.GenericWrappers.takeSnap(GenericWrappers.java:799)
at utils.Reporting.reportStep(Reporting.java:33)
at wrappers.GenericWrappers.takeSnap(GenericWrappers.java:799)
at utils.Reporting.reportStep(Reporting.java:33)
at wrappers.GenericWrappers.takeSnap(GenericWrappers.java:799)
at utils.Reporting.reportStep(Reporting.java:33)
at wrappers.GenericWrappers.takeSnap(GenericWrappers.java:799)
at utils.Reporting.reportStep(Reporting.java:33)
at wrappers.GenericWrappers.takeSnap(GenericWrappers.java:799)
at utils.Reporting.reportStep(Reporting.java:33)
at wrappers.GenericWrappers.takeSnap(GenericWrappers.java:799)
at utils.Reporting.reportStep(Reporting.java:33)
at wrappers.GenericWrappers.takeSnap(GenericWrappers.java:799)
at utils.Reporting.reportStep(Reporting.java:33)
at wrappers.GenericWrappers.takeSnap(GenericWrappers.java:799)
at utils.Reporting.reportStep(Reporting.java:33)
at wrappers.GenericWrappers.takeSnap(GenericWrappers.java:799)
at utils.Reporting.reportStep(Reporting.java:33)
at wrappers.GenericWrappers.takeSnap(GenericWrappers.java:799)
at utils.Reporting.reportStep(Reporting.java:33)
at wrappers.GenericWrappers.takeSnap(GenericWrappers.java:799)
at utils.Reporting.reportStep(Reporting.java:33)
at wrappers.GenericWrappers.takeSnap(GenericWrappers.java:799)
at utils.Reporting.reportStep(Reporting.java:33)
at wrappers.GenericWrappers.takeSnap(GenericWrappers.java:799)
at utils.Reporting.reportStep(Reporting.java:33)
at wrappers.GenericWrappers.takeSnap(GenericWrappers.java:799)
at utils.Reporting.reportStep(Reporting.java:33)
at wrappers.GenericWrappers.takeSnap(GenericWrappers.java:799)
at utils.Reporting.reportStep(Reporting.java:33)
at wrappers.GenericWrappers.takeSnap(GenericWrappers.java:799)
at utils.Reporting.reportStep(Reporting.java:33)
at wrappers.GenericWrappers.takeSnap(GenericWrappers.java:799)
at utils.Reporting.reportStep(Reporting.java:33)
at wrappers.GenericWrappers.takeSnap(GenericWrappers.java:799)
at utils.Reporting.reportStep(Reporting.java:33)
at wrappers.GenericWrappers.takeSnap(GenericWrappers.java:799)
at utils.Reporting.reportStep(Reporting.java:33)
at wrappers.GenericWrappers.takeSnap(GenericWrappers.java:799)
at utils.Reporting.reportStep(Reporting.java:33)
at wrappers.GenericWrappers.takeSnap(GenericWrappers.java:799)
at utils.Reporting.reportStep(Reporting.java:33)
at wrappers.GenericWrappers.takeSnap(GenericWrappers.java:799)
at utils.Reporting.reportStep(Reporting.java:33)
at wrappers.GenericWrappers.takeSnap(GenericWrappers.java:799)
at utils.Reporting.reportStep(Reporting.java:33)
at wrappers.GenericWrappers.takeSnap(GenericWrappers.java:799)
at utils.Reporting.reportStep(Reporting.java:33)
at wrappers.GenericWrappers.takeSnap(GenericWrappers.java:799)
at utils.Reporting.reportStep(Reporting.java:33)
at wrappers.GenericWrappers.takeSnap(GenericWrappers.java:799)
at utils.Reporting.reportStep(Reporting.java:33)
at wrappers.GenericWrappers.takeSnap(GenericWrappers.java:799)
at utils.Reporting.reportStep(Reporting.java:33)
at wrappers.GenericWrappers.takeSnap(GenericWrappers.java:799)
at utils.Reporting.reportStep(Reporting.java:33)
at wrappers.GenericWrappers.takeSnap(GenericWrappers.java:799)
at utils.Reporting.reportStep(Reporting.java:33)
at wrappers.GenericWrappers.takeSnap(GenericWrappers.java:799)
at utils.Reporting.reportStep(Reporting.java:33)
at wrappers.GenericWrappers.takeSnap(GenericWrappers.java:799)
at utils.Reporting.reportStep(Reporting.java:33)
at wrappers.GenericWrappers.takeSnap(GenericWrappers.java:799)
at utils.Reporting.reportStep(Reporting.java:33)
at wrappers.GenericWrappers.takeSnap(GenericWrappers.java:799)
at utils.Reporting.reportStep(Reporting.java:33)
at wrappers.GenericWrappers.takeSnap(GenericWrappers.java:799)
at utils.Reporting.reportStep(Reporting.java:33)
at wrappers.GenericWrappers.takeSnap(GenericWrappers.java:799)
at utils.Reporting.reportStep(Reporting.java:33)
at wrappers.GenericWrappers.takeSnap(GenericWrappers.java:799)
at utils.Reporting.reportStep(Reporting.java:33)
at wrappers.GenericWrappers.takeSnap(GenericWrappers.java:799)
at utils.Reporting.reportStep(Reporting.java:33)
at wrappers.GenericWrappers.takeSnap(GenericWrappers.java:799)
at utils.Reporting.reportStep(Reporting.java:33)
at wrappers.GenericWrappers.takeSnap(GenericWrappers.java:799)
at utils.Reporting.reportStep(Reporting.java:33)
at wrappers.GenericWrappers.takeSnap(GenericWrappers.java:799)
at utils.Reporting.reportStep(Reporting.java:33)
at wrappers.GenericWrappers.takeSnap(GenericWrappers.java:799)
at utils.Reporting.reportStep(Reporting.java:33)
at wrappers.GenericWrappers.takeSnap(GenericWrappers.java:799)
at utils.Reporting.reportStep(Reporting.java:33)
at wrappers.GenericWrappers.takeSnap(GenericWrappers.java:799)
at utils.Reporting.reportStep(Reporting.java:33)
at wrappers.GenericWrappers.takeSnap(GenericWrappers.java:799)
at utils.Reporting.reportStep(Reporting.java:33)
at wrappers.GenericWrappers.takeSnap(GenericWrappers.java:799)
at utils.Reporting.reportStep(Reporting.java:33)
at wrappers.GenericWrappers.takeSnap(GenericWrappers.java:799)
at utils.Reporting.reportStep(Reporting.java:33)
at wrappers.GenericWrappers.takeSnap(GenericWrappers.java:799)
at utils.Reporting.reportStep(Reporting.java:33)
at wrappers.GenericWrappers.takeSnap(GenericWrappers.java:799)
at utils.Reporting.reportStep(Reporting.java:33)
at wrappers.GenericWrappers.takeSnap(GenericWrappers.java:799)
at utils.Reporting.reportStep(Reporting.java:33)
at wrappers.GenericWrappers.takeSnap(GenericWrappers.java:799)
at utils.Reporting.reportStep(Reporting.java:33)
at wrappers.GenericWrappers.takeSnap(GenericWrappers.java:799)
at utils.Reporting.reportStep(Reporting.java:33)
at wrappers.GenericWrappers.takeSnap(GenericWrappers.java:799)
at utils.Reporting.reportStep(Reporting.java:33)
at wrappers.GenericWrappers.takeSnap(GenericWrappers.java:799)
at utils.Reporting.reportStep(Reporting.java:33)
at wrappers.GenericWrappers.takeSnap(GenericWrappers.java:799)
at utils.Reporting.reportStep(Reporting.java:33)
at wrappers.GenericWrappers.takeSnap(GenericWrappers.java:799)
at utils.Reporting.reportStep(Reporting.java:33)
at wrappers.GenericWrappers.takeSnap(GenericWrappers.java:799)
at utils.Reporting.reportStep(Reporting.java:33)
at wrappers.GenericWrappers.takeSnap(GenericWrappers.java:799)
at utils.Reporting.reportStep(Reporting.java:33)
at wrappers.GenericWrappers.takeSnap(GenericWrappers.java:799)
at utils.Reporting.reportStep(Reporting.java:33)
at wrappers.GenericWrappers.takeSnap(GenericWrappers.java:799)
at utils.Reporting.reportStep(Reporting.java:33)
at wrappers.GenericWrappers.takeSnap(GenericWrappers.java:799)
at utils.Reporting.reportStep(Reporting.java:33)
at wrappers.GenericWrappers.takeSnap(GenericWrappers.java:799)
at utils.Reporting.reportStep(Reporting.java:33)
at wrappers.GenericWrappers.takeSnap(GenericWrappers.java:799)
at utils.Reporting.reportStep(Reporting.java:33)
at wrappers.GenericWrappers.takeSnap(GenericWrappers.java:799)
at utils.Reporting.reportStep(Reporting.java:33)
at wrappers.GenericWrappers.takeSnap(GenericWrappers.java:799)
at utils.Reporting.reportStep(Reporting.java:33)
at wrappers.GenericWrappers.takeSnap(GenericWrappers.java:799)
at utils.Reporting.reportStep(Reporting.java:33)
at wrappers.GenericWrappers.takeSnap(GenericWrappers.java:799)
at utils.Reporting.reportStep(Reporting.java:33)
at wrappers.GenericWrappers.takeSnap(GenericWrappers.java:799)
at utils.Reporting.reportStep(Reporting.java:33)
at wrappers.GenericWrappers.takeSnap(GenericWrappers.java:799)
at utils.Reporting.reportStep(Reporting.java:33)
at wrappers.GenericWrappers.takeSnap(GenericWrappers.java:799)
at utils.Reporting.reportStep(Reporting.java:33)
at wrappers.GenericWrappers.takeSnap(GenericWrappers.java:799)
at utils.Reporting.reportStep(Reporting.java:33)
at wrappers.GenericWrappers.takeSnap(GenericWrappers.java:799)
at utils.Reporting.reportStep(Reporting.java:33)
at wrappers.GenericWrappers.takeSnap(GenericWrappers.java:799)
at utils.Reporting.reportStep(Reporting.java:33)
at wrappers.GenericWrappers.takeSnap(GenericWrappers.java:799)
at utils.Reporting.reportStep(Reporting.java:33)
at wrappers.GenericWrappers.takeSnap(GenericWrappers.java:799)
at utils.Reporting.reportStep(Reporting.java:33)
at wrappers.GenericWrappers.takeSnap(GenericWrappers.java:799)
at utils.Reporting.reportStep(Reporting.java:33)
at wrappers.GenericWrappers.takeSnap(GenericWrappers.java:799)
at utils.Reporting.reportStep(Reporting.java:33)
at wrappers.GenericWrappers.takeSnap(GenericWrappers.java:799)
at utils.Reporting.reportStep(Reporting.java:33)
at wrappers.GenericWrappers.takeSnap(GenericWrappers.java:799)
at utils.Reporting.reportStep(Reporting.java:33)
at wrappers.GenericWrappers.takeSnap(GenericWrappers.java:799)
at utils.Reporting.reportStep(Reporting.java:33)
at wrappers.GenericWrappers.takeSnap(GenericWrappers.java:799)
at utils.Reporting.reportStep(Reporting.java:33)
at wrappers.GenericWrappers.takeSnap(GenericWrappers.java:799)
at utils.Reporting.reportStep(Reporting.java:33)
at wrappers.GenericWrappers.takeSnap(GenericWrappers.java:799)
at utils.Reporting.reportStep(Reporting.java:33)
at wrappers.GenericWrappers.takeSnap(GenericWrappers.java:799)
at utils.Reporting.reportStep(Reporting.java:33)
at wrappers.GenericWrappers.takeSnap(GenericWrappers.java:799)
at utils.Reporting.reportStep(Reporting.java:33)
at wrappers.GenericWrappers.takeSnap(GenericWrappers.java:799)
at utils.Reporting.reportStep(Reporting.java:33)
at wrappers.GenericWrappers.takeSnap(GenericWrappers.java:799)
at utils.Reporting.reportStep(Reporting.java:33)
at wrappers.GenericWrappers.takeSnap(GenericWrappers.java:799)
at utils.Reporting.reportStep(Reporting.java:33)
at wrappers.GenericWrappers.takeSnap(GenericWrappers.java:799)
at utils.Reporting.reportStep(Reporting.java:33)
at wrappers.GenericWrappers.takeSnap(GenericWrappers.java:799)
at utils.Reporting.reportStep(Reporting.java:33)
at wrappers.GenericWrappers.takeSnap(GenericWrappers.java:799)
at utils.Reporting.reportStep(Reporting.java:33)
at wrappers.GenericWrappers.takeSnap(GenericWrappers.java:799)
at utils.Reporting.reportStep(Reporting.java:33)
at wrappers.GenericWrappers.takeSnap(GenericWrappers.java:799)
at utils.Reporting.reportStep(Reporting.java:33)
at wrappers.GenericWrappers.takeSnap(GenericWrappers.java:799)
at utils.Reporting.reportStep(Reporting.java:33)
at wrappers.GenericWrappers.takeSnap(GenericWrappers.java:799)
at utils.Reporting.reportStep(Reporting.java:33)
at wrappers.GenericWrappers.takeSnap(GenericWrappers.java:799)
at utils.Reporting.reportStep(Reporting.java:33)
at wrappers.GenericWrappers.takeSnap(GenericWrappers.java:799)
at utils.Reporting.reportStep(Reporting.java:33)
at wrappers.GenericWrappers.takeSnap(GenericWrappers.java:799)
at utils.Reporting.reportStep(Reporting.java:33)
at wrappers.GenericWrappers.takeSnap(GenericWrappers.java:799)
at utils.Reporting.reportStep(Reporting.java:33)
at wrappers.GenericWrappers.takeSnap(GenericWrappers.java:799)
at utils.Reporting.reportStep(Reporting.java:33)
at wrappers.GenericWrappers.takeSnap(GenericWrappers.java:799)
at utils.Reporting.reportStep(Reporting.java:33)
at wrappers.GenericWrappers.takeSnap(GenericWrappers.java:799)
at utils.Reporting.reportStep(Reporting.java:33)
at wrappers.GenericWrappers.takeSnap(GenericWrappers.java:799)
at utils.Reporting.reportStep(Reporting.java:33)
at wrappers.GenericWrappers.takeSnap(GenericWrappers.java:799)
at utils.Reporting.reportStep(Reporting.java:33)
at wrappers.GenericWrappers.takeSnap(GenericWrappers.java:799)
at utils.Reporting.reportStep(Reporting.java:33)
at wrappers.GenericWrappers.takeSnap(GenericWrappers.java:799)
at utils.Reporting.reportStep(Reporting.java:33)
at wrappers.GenericWrappers.takeSnap(GenericWrappers.java:799)
at utils.Reporting.reportStep(Reporting.java:33)
at wrappers.GenericWrappers.takeSnap(GenericWrappers.java:799)
at utils.Reporting.reportStep(Reporting.java:33)
at wrappers.GenericWrappers.takeSnap(GenericWrappers.java:799)
at utils.Reporting.reportStep(Reporting.java:33)
at wrappers.GenericWrappers.takeSnap(GenericWrappers.java:799)
at utils.Reporting.reportStep(Reporting.java:33)
at wrappers.GenericWrappers.takeSnap(GenericWrappers.java:799)
at utils.Reporting.reportStep(Reporting.java:33)
at wrappers.GenericWrappers.takeSnap(GenericWrappers.java:799)
at utils.Reporting.reportStep(Reporting.java:33)
at wrappers.GenericWrappers.takeSnap(GenericWrappers.java:799)
at utils.Reporting.reportStep(Reporting.java:33)
at wrappers.GenericWrappers.takeSnap(GenericWrappers.java:799)
at utils.Reporting.reportStep(Reporting.java:33)
at wrappers.GenericWrappers.takeSnap(GenericWrappers.java:799)
at utils.Reporting.reportStep(Reporting.java:33)
at wrappers.GenericWrappers.takeSnap(GenericWrappers.java:799)
at utils.Reporting.reportStep(Reporting.java:33)
at wrappers.GenericWrappers.takeSnap(GenericWrappers.java:799)
at utils.Reporting.reportStep(Reporting.java:33)
at wrappers.GenericWrappers.takeSnap(GenericWrappers.java:799)
at utils.Reporting.reportStep(Reporting.java:33)
at wrappers.GenericWrappers.takeSnap(GenericWrappers.java:799)
at utils.Reporting.reportStep(Reporting.java:33)
at wrappers.GenericWrappers.takeSnap(GenericWrappers.java:799)
at utils.Reporting.reportStep(Reporting.java:33)
at wrappers.GenericWrappers.takeSnap(GenericWrappers.java:799)
at utils.Reporting.reportStep(Reporting.java:33)
at wrappers.GenericWrappers.takeSnap(GenericWrappers.java:799)
at utils.Reporting.reportStep(Reporting.java:33)
at wrappers.GenericWrappers.takeSnap(GenericWrappers.java:799)
at utils.Reporting.reportStep(Reporting.java:33)
at wrappers.GenericWrappers.takeSnap(GenericWrappers.java:799)
at utils.Reporting.reportStep(Reporting.java:33)
at wrappers.GenericWrappers.takeSnap(GenericWrappers.java:799)
at utils.Reporting.reportStep(Reporting.java:33)
at wrappers.GenericWrappers.takeSnap(GenericWrappers.java:799)
at utils.Reporting.reportStep(Reporting.java:33)
at wrappers.GenericWrappers.takeSnap(GenericWrappers.java:799)
at utils.Reporting.reportStep(Reporting.java:33)
at wrappers.GenericWrappers.takeSnap(GenericWrappers.java:799)
at utils.Reporting.reportStep(Reporting.java:33)
at wrappers.GenericWrappers.takeSnap(GenericWrappers.java:799)
at utils.Reporting.reportStep(Reporting.java:33)
at wrappers.GenericWrappers.takeSnap(GenericWrappers.java:799)
at utils.Reporting.reportStep(Reporting.java:33)
at wrappers.GenericWrappers.takeSnap(GenericWrappers.java:799)
at utils.Reporting.reportStep(Reporting.java:33)
at wrappers.GenericWrappers.takeSnap(GenericWrappers.java:799)
at utils.Reporting.reportStep(Reporting.java:33)
at wrappers.GenericWrappers.takeSnap(GenericWrappers.java:799)
at utils.Reporting.reportStep(Reporting.java:33)
at wrappers.GenericWrappers.takeSnap(GenericWrappers.java:799)
at utils.Reporting.reportStep(Reporting.java:33)
at wrappers.GenericWrappers.takeSnap(GenericWrappers.java:799)
at utils.Reporting.reportStep(Reporting.java:33)
at wrappers.GenericWrappers.takeSnap(GenericWrappers.java:799)
at utils.Reporting.reportStep(Reporting.java:33)
at wrappers.GenericWrappers.takeSnap(GenericWrappers.java:799)
at utils.Reporting.reportStep(Reporting.java:33)
at wrappers.GenericWrappers.takeSnap(GenericWrappers.java:799)
at utils.Reporting.reportStep(Reporting.java:33)
at wrappers.GenericWrappers.takeSnap(GenericWrappers.java:799)
at utils.Reporting.reportStep(Reporting.java:33)
at wrappers.GenericWrappers.takeSnap(GenericWrappers.java:799)
at utils.Reporting.reportStep(Reporting.java:33)
at wrappers.GenericWrappers.takeSnap(GenericWrappers.java:799)
at utils.Reporting.reportStep(Reporting.java:33)
at wrappers.GenericWrappers.takeSnap(GenericWrappers.java:799)
at utils.Reporting.reportStep(Reporting.java:33)
at wrappers.GenericWrappers.takeSnap(GenericWrappers.java:799)
at utils.Reporting.reportStep(Reporting.java:33)
at wrappers.GenericWrappers.takeSnap(GenericWrappers.java:799)
at utils.Reporting.reportStep(Reporting.java:33)
at wrappers.GenericWrappers.takeSnap(GenericWrappers.java:799)
at utils.Reporting.reportStep(Reporting.java:33)
at wrappers.GenericWrappers.takeSnap(GenericWrappers.java:799)
at utils.Reporting.reportStep(Reporting.java:33)
at wrappers.GenericWrappers.takeSnap(GenericWrappers.java:799)
at utils.Reporting.reportStep(Reporting.java:33)
at wrappers.GenericWrappers.takeSnap(GenericWrappers.java:799)
at utils.Reporting.reportStep(Reporting.java:33)
at wrappers.GenericWrappers.takeSnap(GenericWrappers.java:799)
at utils.Reporting.reportStep(Reporting.java:33)
at wrappers.GenericWrappers.takeSnap(GenericWrappers.java:799)
at utils.Reporting.reportStep(Reporting.java:33)
at wrappers.GenericWrappers.takeSnap(GenericWrappers.java:799)
at utils.Reporting.reportStep(Reporting.java:33)
at wrappers.GenericWrappers.takeSnap(GenericWrappers.java:799)
at utils.Reporting.reportStep(Reporting.java:33)
at wrappers.GenericWrappers.takeSnap(GenericWrappers.java:799)
at utils.Reporting.reportStep(Reporting.java:33)
at wrappers.GenericWrappers.takeSnap(GenericWrappers.java:799)
at utils.Reporting.reportStep(Reporting.java:33)
at wrappers.GenericWrappers.takeSnap(GenericWrappers.java:799)
at utils.Reporting.reportStep(Reporting.java:33)
at wrappers.GenericWrappers.takeSnap(GenericWrappers.java:799)
at utils.Reporting.reportStep(Reporting.java:33)
at wrappers.GenericWrappers.takeSnap(GenericWrappers.java:799)
at utils.Reporting.reportStep(Reporting.java:33)
at wrappers.GenericWrappers.takeSnap(GenericWrappers.java:799)
at utils.Reporting.reportStep(Reporting.java:33)
at wrappers.GenericWrappers.takeSnap(GenericWrappers.java:799)
at utils.Reporting.reportStep(Reporting.java:33)
at wrappers.GenericWrappers.takeSnap(GenericWrappers.java:799)
at utils.Reporting.reportStep(Reporting.java:33)
at wrappers.GenericWrappers.takeSnap(GenericWrappers.java:799)
at utils.Reporting.reportStep(Reporting.java:33)
at wrappers.GenericWrappers.takeSnap(GenericWrappers.java:799)
at utils.Reporting.reportStep(Reporting.java:33)
at wrappers.GenericWrappers.takeSnap(GenericWrappers.java:799)
at utils.Reporting.reportStep(Reporting.java:33)
at wrappers.GenericWrappers.takeSnap(GenericWrappers.java:799)
at utils.Reporting.reportStep(Reporting.java:33)
at wrappers.GenericWrappers.takeSnap(GenericWrappers.java:799)
at utils.Reporting.reportStep(Reporting.java:33)
at wrappers.GenericWrappers.takeSnap(GenericWrappers.java:799)
at utils.Reporting.reportStep(Reporting.java:33)
at wrappers.GenericWrappers.takeSnap(GenericWrappers.java:799)
at utils.Reporting.reportStep(Reporting.java:33)
at wrappers.GenericWrappers.takeSnap(GenericWrappers.java:799)
at utils.Reporting.reportStep(Reporting.java:33)
at wrappers.GenericWrappers.takeSnap(GenericWrappers.java:799)
at utils.Reporting.reportStep(Reporting.java:33)
at wrappers.GenericWrappers.takeSnap(GenericWrappers.java:799)
at utils.Reporting.reportStep(Reporting.java:33)
at wrappers.GenericWrappers.takeSnap(GenericWrappers.java:799)
at utils.Reporting.reportStep(Reporting.java:33)
at wrappers.GenericWrappers.takeSnap(GenericWrappers.java:799)
at utils.Reporting.reportStep(Reporting.java:33)
at wrappers.GenericWrappers.takeSnap(GenericWrappers.java:799)
at utils.Reporting.reportStep(Reporting.java:33)
at wrappers.GenericWrappers.takeSnap(GenericWrappers.java:799)
at utils.Reporting.reportStep(Reporting.java:33)
at wrappers.GenericWrappers.takeSnap(GenericWrappers.java:799)
at utils.Reporting.reportStep(Reporting.java:33)
at wrappers.GenericWrappers.takeSnap(GenericWrappers.java:799)
at utils.Reporting.reportStep(Reporting.java:33)
at wrappers.GenericWrappers.takeSnap(GenericWrappers.java:799)
at utils.Reporting.reportStep(Reporting.java:33)
at wrappers.GenericWrappers.takeSnap(GenericWrappers.java:799)
at utils.Reporting.reportStep(Reporting.java:33)
at wrappers.GenericWrappers.takeSnap(GenericWrappers.java:799)
at utils.Reporting.reportStep(Reporting.java:33)
at wrappers.GenericWrappers.takeSnap(GenericWrappers.java:799)
at utils.Reporting.reportStep(Reporting.java:33)
at wrappers.GenericWrappers.takeSnap(GenericWrappers.java:799)
at utils.Reporting.reportStep(Reporting.java:33)
at wrappers.GenericWrappers.takeSnap(GenericWrappers.java:799)
at utils.Reporting.reportStep(Reporting.java:33)
at wrappers.GenericWrappers.takeSnap(GenericWrappers.java:799)
at utils.Reporting.reportStep(Reporting.java:33)
at wrappers.GenericWrappers.takeSnap(GenericWrappers.java:799)
at utils.Reporting.reportStep(Reporting.java:33)
at wrappers.GenericWrappers.takeSnap(GenericWrappers.java:799)
at utils.Reporting.reportStep(Reporting.java:33)
at wrappers.GenericWrappers.takeSnap(GenericWrappers.java:799)
at utils.Reporting.reportStep(Reporting.java:33)
at wrappers.GenericWrappers.takeSnap(GenericWrappers.java:799)
at utils.Reporting.reportStep(Reporting.java:33)
at wrappers.GenericWrappers.takeSnap(GenericWrappers.java:799)
at utils.Reporting.reportStep(Reporting.java:33)
at wrappers.GenericWrappers.takeSnap(GenericWrappers.java:799)
at utils.Reporting.reportStep(Reporting.java:33)
at wrappers.GenericWrappers.takeSnap(GenericWrappers.java:799)
at utils.Reporting.reportStep(Reporting.java:33)
at wrappers.GenericWrappers.takeSnap(GenericWrappers.java:799)
at utils.Reporting.reportStep(Reporting.java:33)
at wrappers.GenericWrappers.takeSnap(GenericWrappers.java:799)
at utils.Reporting.reportStep(Reporting.java:33)
at wrappers.GenericWrappers.takeSnap(GenericWrappers.java:799)
at utils.Reporting.reportStep(Reporting.java:33)
at wrappers.GenericWrappers.takeSnap(GenericWrappers.java:799)
at utils.Reporting.reportStep(Reporting.java:33)
at wrappers.GenericWrappers.takeSnap(GenericWrappers.java:799)
at utils.Reporting.reportStep(Reporting.java:33)
at wrappers.GenericWrappers.takeSnap(GenericWrappers.java:799)
at utils.Reporting.reportStep(Reporting.java:33)
at wrappers.GenericWrappers.takeSnap(GenericWrappers.java:799)
at utils.Reporting.reportStep(Reporting.java:33)
at wrappers.GenericWrappers.takeSnap(GenericWrappers.java:799)
at utils.Reporting.reportStep(Reporting.java:33)
at wrappers.GenericWrappers.takeSnap(GenericWrappers.java:799)
at utils.Reporting.reportStep(Reporting.java:33)
at wrappers.GenericWrappers.takeSnap(GenericWrappers.java:799)
at utils.Reporting.reportStep(Reporting.java:33)
at wrappers.GenericWrappers.takeSnap(GenericWrappers.java:799)
at utils.Reporting.reportStep(Reporting.java:33)
at wrappers.GenericWrappers.takeSnap(GenericWrappers.java:799)
at utils.Reporting.reportStep(Reporting.java:33)
at wrappers.GenericWrappers.takeSnap(GenericWrappers.java:799)
at utils.Reporting.reportStep(Reporting.java:33)
at wrappers.GenericWrappers.takeSnap(GenericWrappers.java:799)
at utils.Reporting.reportStep(Reporting.java:33)
at wrappers.GenericWrappers.takeSnap(GenericWrappers.java:799)
at utils.Reporting.reportStep(Reporting.java:33)
at wrappers.GenericWrappers.takeSnap(GenericWrappers.java:799)
at utils.Reporting.reportStep(Reporting.java:33)
at wrappers.GenericWrappers.takeSnap(GenericWrappers.java:799)
at utils.Reporting.reportStep(Reporting.java:33)
at wrappers.GenericWrappers.takeSnap(GenericWrappers.java:799)
]]>
            </full-stacktrace>
          </exception> <!-- java.lang.StackOverflowError -->
          <reporter-output>
          </reporter-output>
        </test-method> <!-- beforeMethod -->
        <test-method status="SKIP" signature="PanApplication()[pri:0, instance:pom.pan.testcases.TC008@5ce81285]" name="PanApplication" duration-ms="0" started-at="2021-12-15T13:19:27Z" finished-at="2021-12-15T13:19:27Z">
          <exception class="java.lang.StackOverflowError">
            <full-stacktrace>
              <![CDATA[java.lang.StackOverflowError
at utils.Reporting.reportStep(Reporting.java:33)
at wrappers.GenericWrappers.takeSnap(GenericWrappers.java:799)
at utils.Reporting.reportStep(Reporting.java:33)
at wrappers.GenericWrappers.takeSnap(GenericWrappers.java:799)
at utils.Reporting.reportStep(Reporting.java:33)
at wrappers.GenericWrappers.takeSnap(GenericWrappers.java:799)
at utils.Reporting.reportStep(Reporting.java:33)
at wrappers.GenericWrappers.takeSnap(GenericWrappers.java:799)
at utils.Reporting.reportStep(Reporting.java:33)
at wrappers.GenericWrappers.takeSnap(GenericWrappers.java:799)
at utils.Reporting.reportStep(Reporting.java:33)
at wrappers.GenericWrappers.takeSnap(GenericWrappers.java:799)
at utils.Reporting.reportStep(Reporting.java:33)
at wrappers.GenericWrappers.takeSnap(GenericWrappers.java:799)
at utils.Reporting.reportStep(Reporting.java:33)
at wrappers.GenericWrappers.takeSnap(GenericWrappers.java:799)
at utils.Reporting.reportStep(Reporting.java:33)
at wrappers.GenericWrappers.takeSnap(GenericWrappers.java:799)
at utils.Reporting.reportStep(Reporting.java:33)
at wrappers.GenericWrappers.takeSnap(GenericWrappers.java:799)
at utils.Reporting.reportStep(Reporting.java:33)
at wrappers.GenericWrappers.takeSnap(GenericWrappers.java:799)
at utils.Reporting.reportStep(Reporting.java:33)
at wrappers.GenericWrappers.takeSnap(GenericWrappers.java:799)
at utils.Reporting.reportStep(Reporting.java:33)
at wrappers.GenericWrappers.takeSnap(GenericWrappers.java:799)
at utils.Reporting.reportStep(Reporting.java:33)
at wrappers.GenericWrappers.takeSnap(GenericWrappers.java:799)
at utils.Reporting.reportStep(Reporting.java:33)
at wrappers.GenericWrappers.takeSnap(GenericWrappers.java:799)
at utils.Reporting.reportStep(Reporting.java:33)
at wrappers.GenericWrappers.takeSnap(GenericWrappers.java:799)
at utils.Reporting.reportStep(Reporting.java:33)
at wrappers.GenericWrappers.takeSnap(GenericWrappers.java:799)
at utils.Reporting.reportStep(Reporting.java:33)
at wrappers.GenericWrappers.takeSnap(GenericWrappers.java:799)
at utils.Reporting.reportStep(Reporting.java:33)
at wrappers.GenericWrappers.takeSnap(GenericWrappers.java:799)
at utils.Reporting.reportStep(Reporting.java:33)
at wrappers.GenericWrappers.takeSnap(GenericWrappers.java:799)
at utils.Reporting.reportStep(Reporting.java:33)
at wrappers.GenericWrappers.takeSnap(GenericWrappers.java:799)
at utils.Reporting.reportStep(Reporting.java:33)
at wrappers.GenericWrappers.takeSnap(GenericWrappers.java:799)
at utils.Reporting.reportStep(Reporting.java:33)
at wrappers.GenericWrappers.takeSnap(GenericWrappers.java:799)
at utils.Reporting.reportStep(Reporting.java:33)
at wrappers.GenericWrappers.takeSnap(GenericWrappers.java:799)
at utils.Reporting.reportStep(Reporting.java:33)
at wrappers.GenericWrappers.takeSnap(GenericWrappers.java:799)
at utils.Reporting.reportStep(Reporting.java:33)
at wrappers.GenericWrappers.takeSnap(GenericWrappers.java:799)
at utils.Reporting.reportStep(Reporting.java:33)
at wrappers.GenericWrappers.takeSnap(GenericWrappers.java:799)
at utils.Reporting.reportStep(Reporting.java:33)
at wrappers.GenericWrappers.takeSnap(GenericWrappers.java:799)
at utils.Reporting.reportStep(Reporting.java:33)
at wrappers.GenericWrappers.takeSnap(GenericWrappers.java:799)
at utils.Reporting.reportStep(Reporting.java:33)
at wrappers.GenericWrappers.takeSnap(GenericWrappers.java:799)
at utils.Reporting.reportStep(Reporting.java:33)
at wrappers.GenericWrappers.takeSnap(GenericWrappers.java:799)
at utils.Reporting.reportStep(Reporting.java:33)
at wrappers.GenericWrappers.takeSnap(GenericWrappers.java:799)
at utils.Reporting.reportStep(Reporting.java:33)
at wrappers.GenericWrappers.takeSnap(GenericWrappers.java:799)
at utils.Reporting.reportStep(Reporting.java:33)
at wrappers.GenericWrappers.takeSnap(GenericWrappers.java:799)
at utils.Reporting.reportStep(Reporting.java:33)
at wrappers.GenericWrappers.takeSnap(GenericWrappers.java:799)
at utils.Reporting.reportStep(Reporting.java:33)
at wrappers.GenericWrappers.takeSnap(GenericWrappers.java:799)
at utils.Reporting.reportStep(Reporting.java:33)
at wrappers.GenericWrappers.takeSnap(GenericWrappers.java:799)
at utils.Reporting.reportStep(Reporting.java:33)
at wrappers.GenericWrappers.takeSnap(GenericWrappers.java:799)
at utils.Reporting.reportStep(Reporting.java:33)
at wrappers.GenericWrappers.takeSnap(GenericWrappers.java:799)
at utils.Reporting.reportStep(Reporting.java:33)
at wrappers.GenericWrappers.takeSnap(GenericWrappers.java:799)
at utils.Reporting.reportStep(Reporting.java:33)
at wrappers.GenericWrappers.takeSnap(GenericWrappers.java:799)
at utils.Reporting.reportStep(Reporting.java:33)
at wrappers.GenericWrappers.takeSnap(GenericWrappers.java:799)
at utils.Reporting.reportStep(Reporting.java:33)
at wrappers.GenericWrappers.takeSnap(GenericWrappers.java:799)
at utils.Reporting.reportStep(Reporting.java:33)
at wrappers.GenericWrappers.takeSnap(GenericWrappers.java:799)
at utils.Reporting.reportStep(Reporting.java:33)
at wrappers.GenericWrappers.takeSnap(GenericWrappers.java:799)
at utils.Reporting.reportStep(Reporting.java:33)
at wrappers.GenericWrappers.takeSnap(GenericWrappers.java:799)
at utils.Reporting.reportStep(Reporting.java:33)
at wrappers.GenericWrappers.takeSnap(GenericWrappers.java:799)
at utils.Reporting.reportStep(Reporting.java:33)
at wrappers.GenericWrappers.takeSnap(GenericWrappers.java:799)
at utils.Reporting.reportStep(Reporting.java:33)
at wrappers.GenericWrappers.takeSnap(GenericWrappers.java:799)
at utils.Reporting.reportStep(Reporting.java:33)
at wrappers.GenericWrappers.takeSnap(GenericWrappers.java:799)
at utils.Reporting.reportStep(Reporting.java:33)
at wrappers.GenericWrappers.takeSnap(GenericWrappers.java:799)
at utils.Reporting.reportStep(Reporting.java:33)
at wrappers.GenericWrappers.takeSnap(GenericWrappers.java:799)
at utils.Reporting.reportStep(Reporting.java:33)
at wrappers.GenericWrappers.takeSnap(GenericWrappers.java:799)
at utils.Reporting.reportStep(Reporting.java:33)
at wrappers.GenericWrappers.takeSnap(GenericWrappers.java:799)
at utils.Reporting.reportStep(Reporting.java:33)
at wrappers.GenericWrappers.takeSnap(GenericWrappers.java:799)
at utils.Reporting.reportStep(Reporting.java:33)
at wrappers.GenericWrappers.takeSnap(GenericWrappers.java:799)
at utils.Reporting.reportStep(Reporting.java:33)
at wrappers.GenericWrappers.takeSnap(GenericWrappers.java:799)
at utils.Reporting.reportStep(Reporting.java:33)
at wrappers.GenericWrappers.takeSnap(GenericWrappers.java:799)
at utils.Reporting.reportStep(Reporting.java:33)
at wrappers.GenericWrappers.takeSnap(GenericWrappers.java:799)
at utils.Reporting.reportStep(Reporting.java:33)
at wrappers.GenericWrappers.takeSnap(GenericWrappers.java:799)
at utils.Reporting.reportStep(Reporting.java:33)
at wrappers.GenericWrappers.takeSnap(GenericWrappers.java:799)
at utils.Reporting.reportStep(Reporting.java:33)
at wrappers.GenericWrappers.takeSnap(GenericWrappers.java:799)
at utils.Reporting.reportStep(Reporting.java:33)
at wrappers.GenericWrappers.takeSnap(GenericWrappers.java:799)
at utils.Reporting.reportStep(Reporting.java:33)
at wrappers.GenericWrappers.takeSnap(GenericWrappers.java:799)
at utils.Reporting.reportStep(Reporting.java:33)
at wrappers.GenericWrappers.takeSnap(GenericWrappers.java:799)
at utils.Reporting.reportStep(Reporting.java:33)
at wrappers.GenericWrappers.takeSnap(GenericWrappers.java:799)
at utils.Reporting.reportStep(Reporting.java:33)
at wrappers.GenericWrappers.takeSnap(GenericWrappers.java:799)
at utils.Reporting.reportStep(Reporting.java:33)
at wrappers.GenericWrappers.takeSnap(GenericWrappers.java:799)
at utils.Reporting.reportStep(Reporting.java:33)
at wrappers.GenericWrappers.takeSnap(GenericWrappers.java:799)
at utils.Reporting.reportStep(Reporting.java:33)
at wrappers.GenericWrappers.takeSnap(GenericWrappers.java:799)
at utils.Reporting.reportStep(Reporting.java:33)
at wrappers.GenericWrappers.takeSnap(GenericWrappers.java:799)
at utils.Reporting.reportStep(Reporting.java:33)
at wrappers.GenericWrappers.takeSnap(GenericWrappers.java:799)
at utils.Reporting.reportStep(Reporting.java:33)
at wrappers.GenericWrappers.takeSnap(GenericWrappers.java:799)
at utils.Reporting.reportStep(Reporting.java:33)
at wrappers.GenericWrappers.takeSnap(GenericWrappers.java:799)
at utils.Reporting.reportStep(Reporting.java:33)
at wrappers.GenericWrappers.takeSnap(GenericWrappers.java:799)
at utils.Reporting.reportStep(Reporting.java:33)
at wrappers.GenericWrappers.takeSnap(GenericWrappers.java:799)
at utils.Reporting.reportStep(Reporting.java:33)
at wrappers.GenericWrappers.takeSnap(GenericWrappers.java:799)
at utils.Reporting.reportStep(Reporting.java:33)
at wrappers.GenericWrappers.takeSnap(GenericWrappers.java:799)
at utils.Reporting.reportStep(Reporting.java:33)
at wrappers.GenericWrappers.takeSnap(GenericWrappers.java:799)
at utils.Reporting.reportStep(Reporting.java:33)
at wrappers.GenericWrappers.takeSnap(GenericWrappers.java:799)
at utils.Reporting.reportStep(Reporting.java:33)
at wrappers.GenericWrappers.takeSnap(GenericWrappers.java:799)
at utils.Reporting.reportStep(Reporting.java:33)
at wrappers.GenericWrappers.takeSnap(GenericWrappers.java:799)
at utils.Reporting.reportStep(Reporting.java:33)
at wrappers.GenericWrappers.takeSnap(GenericWrappers.java:799)
at utils.Reporting.reportStep(Reporting.java:33)
at wrappers.GenericWrappers.takeSnap(GenericWrappers.java:799)
at utils.Reporting.reportStep(Reporting.java:33)
at wrappers.GenericWrappers.takeSnap(GenericWrappers.java:799)
at utils.Reporting.reportStep(Reporting.java:33)
at wrappers.GenericWrappers.takeSnap(GenericWrappers.java:799)
at utils.Reporting.reportStep(Reporting.java:33)
at wrappers.GenericWrappers.takeSnap(GenericWrappers.java:799)
at utils.Reporting.reportStep(Reporting.java:33)
at wrappers.GenericWrappers.takeSnap(GenericWrappers.java:799)
at utils.Reporting.reportStep(Reporting.java:33)
at wrappers.GenericWrappers.takeSnap(GenericWrappers.java:799)
at utils.Reporting.reportStep(Reporting.java:33)
at wrappers.GenericWrappers.takeSnap(GenericWrappers.java:799)
at utils.Reporting.reportStep(Reporting.java:33)
at wrappers.GenericWrappers.takeSnap(GenericWrappers.java:799)
at utils.Reporting.reportStep(Reporting.java:33)
at wrappers.GenericWrappers.takeSnap(GenericWrappers.java:799)
at utils.Reporting.reportStep(Reporting.java:33)
at wrappers.GenericWrappers.takeSnap(GenericWrappers.java:799)
at utils.Reporting.reportStep(Reporting.java:33)
at wrappers.GenericWrappers.takeSnap(GenericWrappers.java:799)
at utils.Reporting.reportStep(Reporting.java:33)
at wrappers.GenericWrappers.takeSnap(GenericWrappers.java:799)
at utils.Reporting.reportStep(Reporting.java:33)
at wrappers.GenericWrappers.takeSnap(GenericWrappers.java:799)
at utils.Reporting.reportStep(Reporting.java:33)
at wrappers.GenericWrappers.takeSnap(GenericWrappers.java:799)
at utils.Reporting.reportStep(Reporting.java:33)
at wrappers.GenericWrappers.takeSnap(GenericWrappers.java:799)
at utils.Reporting.reportStep(Reporting.java:33)
at wrappers.GenericWrappers.takeSnap(GenericWrappers.java:799)
at utils.Reporting.reportStep(Reporting.java:33)
at wrappers.GenericWrappers.takeSnap(GenericWrappers.java:799)
at utils.Reporting.reportStep(Reporting.java:33)
at wrappers.GenericWrappers.takeSnap(GenericWrappers.java:799)
at utils.Reporting.reportStep(Reporting.java:33)
at wrappers.GenericWrappers.takeSnap(GenericWrappers.java:799)
at utils.Reporting.reportStep(Reporting.java:33)
at wrappers.GenericWrappers.takeSnap(GenericWrappers.java:799)
at utils.Reporting.reportStep(Reporting.java:33)
at wrappers.GenericWrappers.takeSnap(GenericWrappers.java:799)
at utils.Reporting.reportStep(Reporting.java:33)
at wrappers.GenericWrappers.takeSnap(GenericWrappers.java:799)
at utils.Reporting.reportStep(Reporting.java:33)
at wrappers.GenericWrappers.takeSnap(GenericWrappers.java:799)
at utils.Reporting.reportStep(Reporting.java:33)
at wrappers.GenericWrappers.takeSnap(GenericWrappers.java:799)
at utils.Reporting.reportStep(Reporting.java:33)
at wrappers.GenericWrappers.takeSnap(GenericWrappers.java:799)
at utils.Reporting.reportStep(Reporting.java:33)
at wrappers.GenericWrappers.takeSnap(GenericWrappers.java:799)
at utils.Reporting.reportStep(Reporting.java:33)
at wrappers.GenericWrappers.takeSnap(GenericWrappers.java:799)
at utils.Reporting.reportStep(Reporting.java:33)
at wrappers.GenericWrappers.takeSnap(GenericWrappers.java:799)
at utils.Reporting.reportStep(Reporting.java:33)
at wrappers.GenericWrappers.takeSnap(GenericWrappers.java:799)
at utils.Reporting.reportStep(Reporting.java:33)
at wrappers.GenericWrappers.takeSnap(GenericWrappers.java:799)
at utils.Reporting.reportStep(Reporting.java:33)
at wrappers.GenericWrappers.takeSnap(GenericWrappers.java:799)
at utils.Reporting.reportStep(Reporting.java:33)
at wrappers.GenericWrappers.takeSnap(GenericWrappers.java:799)
at utils.Reporting.reportStep(Reporting.java:33)
at wrappers.GenericWrappers.takeSnap(GenericWrappers.java:799)
at utils.Reporting.reportStep(Reporting.java:33)
at wrappers.GenericWrappers.takeSnap(GenericWrappers.java:799)
at utils.Reporting.reportStep(Reporting.java:33)
at wrappers.GenericWrappers.takeSnap(GenericWrappers.java:799)
at utils.Reporting.reportStep(Reporting.java:33)
at wrappers.GenericWrappers.takeSnap(GenericWrappers.java:799)
at utils.Reporting.reportStep(Reporting.java:33)
at wrappers.GenericWrappers.takeSnap(GenericWrappers.java:799)
at utils.Reporting.reportStep(Reporting.java:33)
at wrappers.GenericWrappers.takeSnap(GenericWrappers.java:799)
at utils.Reporting.reportStep(Reporting.java:33)
at wrappers.GenericWrappers.takeSnap(GenericWrappers.java:799)
at utils.Reporting.reportStep(Reporting.java:33)
at wrappers.GenericWrappers.takeSnap(GenericWrappers.java:799)
at utils.Reporting.reportStep(Reporting.java:33)
at wrappers.GenericWrappers.takeSnap(GenericWrappers.java:799)
at utils.Reporting.reportStep(Reporting.java:33)
at wrappers.GenericWrappers.takeSnap(GenericWrappers.java:799)
at utils.Reporting.reportStep(Reporting.java:33)
at wrappers.GenericWrappers.takeSnap(GenericWrappers.java:799)
at utils.Reporting.reportStep(Reporting.java:33)
at wrappers.GenericWrappers.takeSnap(GenericWrappers.java:799)
at utils.Reporting.reportStep(Reporting.java:33)
at wrappers.GenericWrappers.takeSnap(GenericWrappers.java:799)
at utils.Reporting.reportStep(Reporting.java:33)
at wrappers.GenericWrappers.takeSnap(GenericWrappers.java:799)
at utils.Reporting.reportStep(Reporting.java:33)
at wrappers.GenericWrappers.takeSnap(GenericWrappers.java:799)
at utils.Reporting.reportStep(Reporting.java:33)
at wrappers.GenericWrappers.takeSnap(GenericWrappers.java:799)
at utils.Reporting.reportStep(Reporting.java:33)
at wrappers.GenericWrappers.takeSnap(GenericWrappers.java:799)
at utils.Reporting.reportStep(Reporting.java:33)
at wrappers.GenericWrappers.takeSnap(GenericWrappers.java:799)
at utils.Reporting.reportStep(Reporting.java:33)
at wrappers.GenericWrappers.takeSnap(GenericWrappers.java:799)
at utils.Reporting.reportStep(Reporting.java:33)
at wrappers.GenericWrappers.takeSnap(GenericWrappers.java:799)
at utils.Reporting.reportStep(Reporting.java:33)
at wrappers.GenericWrappers.takeSnap(GenericWrappers.java:799)
at utils.Reporting.reportStep(Reporting.java:33)
at wrappers.GenericWrappers.takeSnap(GenericWrappers.java:799)
at utils.Reporting.reportStep(Reporting.java:33)
at wrappers.GenericWrappers.takeSnap(GenericWrappers.java:799)
at utils.Reporting.reportStep(Reporting.java:33)
at wrappers.GenericWrappers.takeSnap(GenericWrappers.java:799)
at utils.Reporting.reportStep(Reporting.java:33)
at wrappers.GenericWrappers.takeSnap(GenericWrappers.java:799)
at utils.Reporting.reportStep(Reporting.java:33)
at wrappers.GenericWrappers.takeSnap(GenericWrappers.java:799)
at utils.Reporting.reportStep(Reporting.java:33)
at wrappers.GenericWrappers.takeSnap(GenericWrappers.java:799)
at utils.Reporting.reportStep(Reporting.java:33)
at wrappers.GenericWrappers.takeSnap(GenericWrappers.java:799)
at utils.Reporting.reportStep(Reporting.java:33)
at wrappers.GenericWrappers.takeSnap(GenericWrappers.java:799)
at utils.Reporting.reportStep(Reporting.java:33)
at wrappers.GenericWrappers.takeSnap(GenericWrappers.java:799)
at utils.Reporting.reportStep(Reporting.java:33)
at wrappers.GenericWrappers.takeSnap(GenericWrappers.java:799)
at utils.Reporting.reportStep(Reporting.java:33)
at wrappers.GenericWrappers.takeSnap(GenericWrappers.java:799)
at utils.Reporting.reportStep(Reporting.java:33)
at wrappers.GenericWrappers.takeSnap(GenericWrappers.java:799)
at utils.Reporting.reportStep(Reporting.java:33)
at wrappers.GenericWrappers.takeSnap(GenericWrappers.java:799)
at utils.Reporting.reportStep(Reporting.java:33)
at wrappers.GenericWrappers.takeSnap(GenericWrappers.java:799)
at utils.Reporting.reportStep(Reporting.java:33)
at wrappers.GenericWrappers.takeSnap(GenericWrappers.java:799)
at utils.Reporting.reportStep(Reporting.java:33)
at wrappers.GenericWrappers.takeSnap(GenericWrappers.java:799)
at utils.Reporting.reportStep(Reporting.java:33)
at wrappers.GenericWrappers.takeSnap(GenericWrappers.java:799)
at utils.Reporting.reportStep(Reporting.java:33)
at wrappers.GenericWrappers.takeSnap(GenericWrappers.java:799)
at utils.Reporting.reportStep(Reporting.java:33)
at wrappers.GenericWrappers.takeSnap(GenericWrappers.java:799)
at utils.Reporting.reportStep(Reporting.java:33)
at wrappers.GenericWrappers.takeSnap(GenericWrappers.java:799)
at utils.Reporting.reportStep(Reporting.java:33)
at wrappers.GenericWrappers.takeSnap(GenericWrappers.java:799)
at utils.Reporting.reportStep(Reporting.java:33)
at wrappers.GenericWrappers.takeSnap(GenericWrappers.java:799)
at utils.Reporting.reportStep(Reporting.java:33)
at wrappers.GenericWrappers.takeSnap(GenericWrappers.java:799)
at utils.Reporting.reportStep(Reporting.java:33)
at wrappers.GenericWrappers.takeSnap(GenericWrappers.java:799)
at utils.Reporting.reportStep(Reporting.java:33)
at wrappers.GenericWrappers.takeSnap(GenericWrappers.java:799)
at utils.Reporting.reportStep(Reporting.java:33)
at wrappers.GenericWrappers.takeSnap(GenericWrappers.java:799)
at utils.Reporting.reportStep(Reporting.java:33)
at wrappers.GenericWrappers.takeSnap(GenericWrappers.java:799)
at utils.Reporting.reportStep(Reporting.java:33)
at wrappers.GenericWrappers.takeSnap(GenericWrappers.java:799)
at utils.Reporting.reportStep(Reporting.java:33)
at wrappers.GenericWrappers.takeSnap(GenericWrappers.java:799)
at utils.Reporting.reportStep(Reporting.java:33)
at wrappers.GenericWrappers.takeSnap(GenericWrappers.java:799)
at utils.Reporting.reportStep(Reporting.java:33)
at wrappers.GenericWrappers.takeSnap(GenericWrappers.java:799)
at utils.Reporting.reportStep(Reporting.java:33)
at wrappers.GenericWrappers.takeSnap(GenericWrappers.java:799)
at utils.Reporting.reportStep(Reporting.java:33)
at wrappers.GenericWrappers.takeSnap(GenericWrappers.java:799)
at utils.Reporting.reportStep(Reporting.java:33)
at wrappers.GenericWrappers.takeSnap(GenericWrappers.java:799)
at utils.Reporting.reportStep(Reporting.java:33)
at wrappers.GenericWrappers.takeSnap(GenericWrappers.java:799)
at utils.Reporting.reportStep(Reporting.java:33)
at wrappers.GenericWrappers.takeSnap(GenericWrappers.java:799)
at utils.Reporting.reportStep(Reporting.java:33)
at wrappers.GenericWrappers.takeSnap(GenericWrappers.java:799)
at utils.Reporting.reportStep(Reporting.java:33)
at wrappers.GenericWrappers.takeSnap(GenericWrappers.java:799)
at utils.Reporting.reportStep(Reporting.java:33)
at wrappers.GenericWrappers.takeSnap(GenericWrappers.java:799)
at utils.Reporting.reportStep(Reporting.java:33)
at wrappers.GenericWrappers.takeSnap(GenericWrappers.java:799)
at utils.Reporting.reportStep(Reporting.java:33)
at wrappers.GenericWrappers.takeSnap(GenericWrappers.java:799)
at utils.Reporting.reportStep(Reporting.java:33)
at wrappers.GenericWrappers.takeSnap(GenericWrappers.java:799)
at utils.Reporting.reportStep(Reporting.java:33)
at wrappers.GenericWrappers.takeSnap(GenericWrappers.java:799)
at utils.Reporting.reportStep(Reporting.java:33)
at wrappers.GenericWrappers.takeSnap(GenericWrappers.java:799)
at utils.Reporting.reportStep(Reporting.java:33)
[...]
at wrappers.GenericWrappers.takeSnap(GenericWrappers.java:799)
at utils.Reporting.reportStep(Reporting.java:33)
at wrappers.GenericWrappers.takeSnap(GenericWrappers.java:799)
at utils.Reporting.reportStep(Reporting.java:33)
at wrappers.GenericWrappers.takeSnap(GenericWrappers.java:799)
at utils.Reporting.reportStep(Reporting.java:33)
at wrappers.GenericWrappers.takeSnap(GenericWrappers.java:799)
at utils.Reporting.reportStep(Reporting.java:33)
at wrappers.GenericWrappers.takeSnap(GenericWrappers.java:799)
at utils.Reporting.reportStep(Reporting.java:33)
at wrappers.GenericWrappers.takeSnap(GenericWrappers.java:799)
at utils.Reporting.reportStep(Reporting.java:33)
at wrappers.GenericWrappers.takeSnap(GenericWrappers.java:799)
at utils.Reporting.reportStep(Reporting.java:33)
at wrappers.GenericWrappers.takeSnap(GenericWrappers.java:799)
at utils.Reporting.reportStep(Reporting.java:33)
at wrappers.GenericWrappers.takeSnap(GenericWrappers.java:799)
at utils.Reporting.reportStep(Reporting.java:33)
at wrappers.GenericWrappers.takeSnap(GenericWrappers.java:799)
at utils.Reporting.reportStep(Reporting.java:33)
at wrappers.GenericWrappers.takeSnap(GenericWrappers.java:799)
at utils.Reporting.reportStep(Reporting.java:33)
at wrappers.GenericWrappers.takeSnap(GenericWrappers.java:799)
at utils.Reporting.reportStep(Reporting.java:33)
at wrappers.GenericWrappers.takeSnap(GenericWrappers.java:799)
at utils.Reporting.reportStep(Reporting.java:33)
at wrappers.GenericWrappers.takeSnap(GenericWrappers.java:799)
at utils.Reporting.reportStep(Reporting.java:33)
at wrappers.GenericWrappers.takeSnap(GenericWrappers.java:799)
at utils.Reporting.reportStep(Reporting.java:33)
at wrappers.GenericWrappers.takeSnap(GenericWrappers.java:799)
at utils.Reporting.reportStep(Reporting.java:33)
at wrappers.GenericWrappers.takeSnap(GenericWrappers.java:799)
at utils.Reporting.reportStep(Reporting.java:33)
at wrappers.GenericWrappers.takeSnap(GenericWrappers.java:799)
at utils.Reporting.reportStep(Reporting.java:33)
at wrappers.GenericWrappers.takeSnap(GenericWrappers.java:799)
at utils.Reporting.reportStep(Reporting.java:33)
at wrappers.GenericWrappers.takeSnap(GenericWrappers.java:799)
at utils.Reporting.reportStep(Reporting.java:33)
at wrappers.GenericWrappers.takeSnap(GenericWrappers.java:799)
at utils.Reporting.reportStep(Reporting.java:33)
at wrappers.GenericWrappers.takeSnap(GenericWrappers.java:799)
at utils.Reporting.reportStep(Reporting.java:33)
at wrappers.GenericWrappers.takeSnap(GenericWrappers.java:799)
at utils.Reporting.reportStep(Reporting.java:33)
at wrappers.GenericWrappers.takeSnap(GenericWrappers.java:799)
at utils.Reporting.reportStep(Reporting.java:33)
at wrappers.GenericWrappers.takeSnap(GenericWrappers.java:799)
at utils.Reporting.reportStep(Reporting.java:33)
at wrappers.GenericWrappers.takeSnap(GenericWrappers.java:799)
at utils.Reporting.reportStep(Reporting.java:33)
at wrappers.GenericWrappers.takeSnap(GenericWrappers.java:799)
at utils.Reporting.reportStep(Reporting.java:33)
at wrappers.GenericWrappers.takeSnap(GenericWrappers.java:799)
at utils.Reporting.reportStep(Reporting.java:33)
at wrappers.GenericWrappers.takeSnap(GenericWrappers.java:799)
at utils.Reporting.reportStep(Reporting.java:33)
at wrappers.GenericWrappers.takeSnap(GenericWrappers.java:799)
at utils.Reporting.reportStep(Reporting.java:33)
at wrappers.GenericWrappers.takeSnap(GenericWrappers.java:799)
at utils.Reporting.reportStep(Reporting.java:33)
at wrappers.GenericWrappers.takeSnap(GenericWrappers.java:799)
at utils.Reporting.reportStep(Reporting.java:33)
at wrappers.GenericWrappers.takeSnap(GenericWrappers.java:799)
at utils.Reporting.reportStep(Reporting.java:33)
at wrappers.GenericWrappers.takeSnap(GenericWrappers.java:799)
at utils.Reporting.reportStep(Reporting.java:33)
at wrappers.GenericWrappers.takeSnap(GenericWrappers.java:799)
at utils.Reporting.reportStep(Reporting.java:33)
at wrappers.GenericWrappers.takeSnap(GenericWrappers.java:799)
at utils.Reporting.reportStep(Reporting.java:33)
at wrappers.GenericWrappers.takeSnap(GenericWrappers.java:799)
at utils.Reporting.reportStep(Reporting.java:33)
at wrappers.GenericWrappers.takeSnap(GenericWrappers.java:799)
at utils.Reporting.reportStep(Reporting.java:33)
at wrappers.GenericWrappers.takeSnap(GenericWrappers.java:799)
at utils.Reporting.reportStep(Reporting.java:33)
at wrappers.GenericWrappers.takeSnap(GenericWrappers.java:799)
at utils.Reporting.reportStep(Reporting.java:33)
at wrappers.GenericWrappers.takeSnap(GenericWrappers.java:799)
at utils.Reporting.reportStep(Reporting.java:33)
at wrappers.GenericWrappers.takeSnap(GenericWrappers.java:799)
at utils.Reporting.reportStep(Reporting.java:33)
at wrappers.GenericWrappers.takeSnap(GenericWrappers.java:799)
at utils.Reporting.reportStep(Reporting.java:33)
at wrappers.GenericWrappers.takeSnap(GenericWrappers.java:799)
at utils.Reporting.reportStep(Reporting.java:33)
at wrappers.GenericWrappers.takeSnap(GenericWrappers.java:799)
at utils.Reporting.reportStep(Reporting.java:33)
at wrappers.GenericWrappers.takeSnap(GenericWrappers.java:799)
at utils.Reporting.reportStep(Reporting.java:33)
at wrappers.GenericWrappers.takeSnap(GenericWrappers.java:799)
at utils.Reporting.reportStep(Reporting.java:33)
at wrappers.GenericWrappers.takeSnap(GenericWrappers.java:799)
at utils.Reporting.reportStep(Reporting.java:33)
at wrappers.GenericWrappers.takeSnap(GenericWrappers.java:799)
at utils.Reporting.reportStep(Reporting.java:33)
at wrappers.GenericWrappers.takeSnap(GenericWrappers.java:799)
at utils.Reporting.reportStep(Reporting.java:33)
at wrappers.GenericWrappers.takeSnap(GenericWrappers.java:799)
at utils.Reporting.reportStep(Reporting.java:33)
at wrappers.GenericWrappers.takeSnap(GenericWrappers.java:799)
at utils.Reporting.reportStep(Reporting.java:33)
at wrappers.GenericWrappers.takeSnap(GenericWrappers.java:799)
at utils.Reporting.reportStep(Reporting.java:33)
at wrappers.GenericWrappers.takeSnap(GenericWrappers.java:799)
at utils.Reporting.reportStep(Reporting.java:33)
at wrappers.GenericWrappers.takeSnap(GenericWrappers.java:799)
at utils.Reporting.reportStep(Reporting.java:33)
at wrappers.GenericWrappers.takeSnap(GenericWrappers.java:799)
at utils.Reporting.reportStep(Reporting.java:33)
at wrappers.GenericWrappers.takeSnap(GenericWrappers.java:799)
at utils.Reporting.reportStep(Reporting.java:33)
at wrappers.GenericWrappers.takeSnap(GenericWrappers.java:799)
at utils.Reporting.reportStep(Reporting.java:33)
at wrappers.GenericWrappers.takeSnap(GenericWrappers.java:799)
at utils.Reporting.reportStep(Reporting.java:33)
at wrappers.GenericWrappers.takeSnap(GenericWrappers.java:799)
at utils.Reporting.reportStep(Reporting.java:33)
at wrappers.GenericWrappers.takeSnap(GenericWrappers.java:799)
at utils.Reporting.reportStep(Reporting.java:33)
at wrappers.GenericWrappers.takeSnap(GenericWrappers.java:799)
at utils.Reporting.reportStep(Reporting.java:33)
at wrappers.GenericWrappers.takeSnap(GenericWrappers.java:799)
at utils.Reporting.reportStep(Reporting.java:33)
at wrappers.GenericWrappers.takeSnap(GenericWrappers.java:799)
at utils.Reporting.reportStep(Reporting.java:33)
at wrappers.GenericWrappers.takeSnap(GenericWrappers.java:799)
at utils.Reporting.reportStep(Reporting.java:33)
at wrappers.GenericWrappers.takeSnap(GenericWrappers.java:799)
at utils.Reporting.reportStep(Reporting.java:33)
at wrappers.GenericWrappers.takeSnap(GenericWrappers.java:799)
at utils.Reporting.reportStep(Reporting.java:33)
at wrappers.GenericWrappers.takeSnap(GenericWrappers.java:799)
at utils.Reporting.reportStep(Reporting.java:33)
at wrappers.GenericWrappers.takeSnap(GenericWrappers.java:799)
at utils.Reporting.reportStep(Reporting.java:33)
at wrappers.GenericWrappers.takeSnap(GenericWrappers.java:799)
at utils.Reporting.reportStep(Reporting.java:33)
at wrappers.GenericWrappers.takeSnap(GenericWrappers.java:799)
at utils.Reporting.reportStep(Reporting.java:33)
at wrappers.GenericWrappers.takeSnap(GenericWrappers.java:799)
at utils.Reporting.reportStep(Reporting.java:33)
at wrappers.GenericWrappers.takeSnap(GenericWrappers.java:799)
at utils.Reporting.reportStep(Reporting.java:33)
at wrappers.GenericWrappers.takeSnap(GenericWrappers.java:799)
at utils.Reporting.reportStep(Reporting.java:33)
at wrappers.GenericWrappers.takeSnap(GenericWrappers.java:799)
at utils.Reporting.reportStep(Reporting.java:33)
at wrappers.GenericWrappers.takeSnap(GenericWrappers.java:799)
at utils.Reporting.reportStep(Reporting.java:33)
at wrappers.GenericWrappers.takeSnap(GenericWrappers.java:799)
at utils.Reporting.reportStep(Reporting.java:33)
at wrappers.GenericWrappers.takeSnap(GenericWrappers.java:799)
at utils.Reporting.reportStep(Reporting.java:33)
at wrappers.GenericWrappers.takeSnap(GenericWrappers.java:799)
at utils.Reporting.reportStep(Reporting.java:33)
at wrappers.GenericWrappers.takeSnap(GenericWrappers.java:799)
at utils.Reporting.reportStep(Reporting.java:33)
at wrappers.GenericWrappers.takeSnap(GenericWrappers.java:799)
at utils.Reporting.reportStep(Reporting.java:33)
at wrappers.GenericWrappers.takeSnap(GenericWrappers.java:799)
at utils.Reporting.reportStep(Reporting.java:33)
at wrappers.GenericWrappers.takeSnap(GenericWrappers.java:799)
at utils.Reporting.reportStep(Reporting.java:33)
at wrappers.GenericWrappers.takeSnap(GenericWrappers.java:799)
at utils.Reporting.reportStep(Reporting.java:33)
at wrappers.GenericWrappers.takeSnap(GenericWrappers.java:799)
at utils.Reporting.reportStep(Reporting.java:33)
at wrappers.GenericWrappers.takeSnap(GenericWrappers.java:799)
at utils.Reporting.reportStep(Reporting.java:33)
at wrappers.GenericWrappers.takeSnap(GenericWrappers.java:799)
at utils.Reporting.reportStep(Reporting.java:33)
at wrappers.GenericWrappers.takeSnap(GenericWrappers.java:799)
at utils.Reporting.reportStep(Reporting.java:33)
at wrappers.GenericWrappers.takeSnap(GenericWrappers.java:799)
at utils.Reporting.reportStep(Reporting.java:33)
at wrappers.GenericWrappers.takeSnap(GenericWrappers.java:799)
at utils.Reporting.reportStep(Reporting.java:33)
at wrappers.GenericWrappers.takeSnap(GenericWrappers.java:799)
at utils.Reporting.reportStep(Reporting.java:33)
at wrappers.GenericWrappers.takeSnap(GenericWrappers.java:799)
at utils.Reporting.reportStep(Reporting.java:33)
at wrappers.GenericWrappers.takeSnap(GenericWrappers.java:799)
at utils.Reporting.reportStep(Reporting.java:33)
at wrappers.GenericWrappers.takeSnap(GenericWrappers.java:799)
at utils.Reporting.reportStep(Reporting.java:33)
at wrappers.GenericWrappers.takeSnap(GenericWrappers.java:799)
at utils.Reporting.reportStep(Reporting.java:33)
at wrappers.GenericWrappers.takeSnap(GenericWrappers.java:799)
at utils.Reporting.reportStep(Reporting.java:33)
at wrappers.GenericWrappers.takeSnap(GenericWrappers.java:799)
at utils.Reporting.reportStep(Reporting.java:33)
at wrappers.GenericWrappers.takeSnap(GenericWrappers.java:799)
at utils.Reporting.reportStep(Reporting.java:33)
at wrappers.GenericWrappers.takeSnap(GenericWrappers.java:799)
at utils.Reporting.reportStep(Reporting.java:33)
at wrappers.GenericWrappers.takeSnap(GenericWrappers.java:799)
at utils.Reporting.reportStep(Reporting.java:33)
at wrappers.GenericWrappers.takeSnap(GenericWrappers.java:799)
at utils.Reporting.reportStep(Reporting.java:33)
at wrappers.GenericWrappers.takeSnap(GenericWrappers.java:799)
at utils.Reporting.reportStep(Reporting.java:33)
at wrappers.GenericWrappers.takeSnap(GenericWrappers.java:799)
at utils.Reporting.reportStep(Reporting.java:33)
at wrappers.GenericWrappers.takeSnap(GenericWrappers.java:799)
at utils.Reporting.reportStep(Reporting.java:33)
at wrappers.GenericWrappers.takeSnap(GenericWrappers.java:799)
at utils.Reporting.reportStep(Reporting.java:33)
at wrappers.GenericWrappers.takeSnap(GenericWrappers.java:799)
at utils.Reporting.reportStep(Reporting.java:33)
at wrappers.GenericWrappers.takeSnap(GenericWrappers.java:799)
at utils.Reporting.reportStep(Reporting.java:33)
at wrappers.GenericWrappers.takeSnap(GenericWrappers.java:799)
at utils.Reporting.reportStep(Reporting.java:33)
at wrappers.GenericWrappers.takeSnap(GenericWrappers.java:799)
at utils.Reporting.reportStep(Reporting.java:33)
at wrappers.GenericWrappers.takeSnap(GenericWrappers.java:799)
at utils.Reporting.reportStep(Reporting.java:33)
at wrappers.GenericWrappers.takeSnap(GenericWrappers.java:799)
at utils.Reporting.reportStep(Reporting.java:33)
at wrappers.GenericWrappers.takeSnap(GenericWrappers.java:799)
at utils.Reporting.reportStep(Reporting.java:33)
at wrappers.GenericWrappers.takeSnap(GenericWrappers.java:799)
at utils.Reporting.reportStep(Reporting.java:33)
at wrappers.GenericWrappers.takeSnap(GenericWrappers.java:799)
at utils.Reporting.reportStep(Reporting.java:33)
at wrappers.GenericWrappers.takeSnap(GenericWrappers.java:799)
at utils.Reporting.reportStep(Reporting.java:33)
at wrappers.GenericWrappers.takeSnap(GenericWrappers.java:799)
at utils.Reporting.reportStep(Reporting.java:33)
at wrappers.GenericWrappers.takeSnap(GenericWrappers.java:799)
at utils.Reporting.reportStep(Reporting.java:33)
at wrappers.GenericWrappers.takeSnap(GenericWrappers.java:799)
at utils.Reporting.reportStep(Reporting.java:33)
at wrappers.GenericWrappers.takeSnap(GenericWrappers.java:799)
at utils.Reporting.reportStep(Reporting.java:33)
at wrappers.GenericWrappers.takeSnap(GenericWrappers.java:799)
at utils.Reporting.reportStep(Reporting.java:33)
at wrappers.GenericWrappers.takeSnap(GenericWrappers.java:799)
at utils.Reporting.reportStep(Reporting.java:33)
at wrappers.GenericWrappers.takeSnap(GenericWrappers.java:799)
at utils.Reporting.reportStep(Reporting.java:33)
at wrappers.GenericWrappers.takeSnap(GenericWrappers.java:799)
at utils.Reporting.reportStep(Reporting.java:33)
at wrappers.GenericWrappers.takeSnap(GenericWrappers.java:799)
at utils.Reporting.reportStep(Reporting.java:33)
at wrappers.GenericWrappers.takeSnap(GenericWrappers.java:799)
at utils.Reporting.reportStep(Reporting.java:33)
at wrappers.GenericWrappers.takeSnap(GenericWrappers.java:799)
at utils.Reporting.reportStep(Reporting.java:33)
at wrappers.GenericWrappers.takeSnap(GenericWrappers.java:799)
at utils.Reporting.reportStep(Reporting.java:33)
at wrappers.GenericWrappers.takeSnap(GenericWrappers.java:799)
at utils.Reporting.reportStep(Reporting.java:33)
at wrappers.GenericWrappers.takeSnap(GenericWrappers.java:799)
at utils.Reporting.reportStep(Reporting.java:33)
at wrappers.GenericWrappers.takeSnap(GenericWrappers.java:799)
at utils.Reporting.reportStep(Reporting.java:33)
at wrappers.GenericWrappers.takeSnap(GenericWrappers.java:799)
at utils.Reporting.reportStep(Reporting.java:33)
at wrappers.GenericWrappers.takeSnap(GenericWrappers.java:799)
at utils.Reporting.reportStep(Reporting.java:33)
at wrappers.GenericWrappers.takeSnap(GenericWrappers.java:799)
at utils.Reporting.reportStep(Reporting.java:33)
at wrappers.GenericWrappers.takeSnap(GenericWrappers.java:799)
at utils.Reporting.reportStep(Reporting.java:33)
at wrappers.GenericWrappers.takeSnap(GenericWrappers.java:799)
at utils.Reporting.reportStep(Reporting.java:33)
at wrappers.GenericWrappers.takeSnap(GenericWrappers.java:799)
at utils.Reporting.reportStep(Reporting.java:33)
at wrappers.GenericWrappers.takeSnap(GenericWrappers.java:799)
at utils.Reporting.reportStep(Reporting.java:33)
at wrappers.GenericWrappers.takeSnap(GenericWrappers.java:799)
at utils.Reporting.reportStep(Reporting.java:33)
at wrappers.GenericWrappers.takeSnap(GenericWrappers.java:799)
at utils.Reporting.reportStep(Reporting.java:33)
at wrappers.GenericWrappers.takeSnap(GenericWrappers.java:799)
at utils.Reporting.reportStep(Reporting.java:33)
at wrappers.GenericWrappers.takeSnap(GenericWrappers.java:799)
at utils.Reporting.reportStep(Reporting.java:33)
at wrappers.GenericWrappers.takeSnap(GenericWrappers.java:799)
at utils.Reporting.reportStep(Reporting.java:33)
at wrappers.GenericWrappers.takeSnap(GenericWrappers.java:799)
at utils.Reporting.reportStep(Reporting.java:33)
at wrappers.GenericWrappers.takeSnap(GenericWrappers.java:799)
at utils.Reporting.reportStep(Reporting.java:33)
at wrappers.GenericWrappers.takeSnap(GenericWrappers.java:799)
at utils.Reporting.reportStep(Reporting.java:33)
at wrappers.GenericWrappers.takeSnap(GenericWrappers.java:799)
at utils.Reporting.reportStep(Reporting.java:33)
at wrappers.GenericWrappers.takeSnap(GenericWrappers.java:799)
at utils.Reporting.reportStep(Reporting.java:33)
at wrappers.GenericWrappers.takeSnap(GenericWrappers.java:799)
at utils.Reporting.reportStep(Reporting.java:33)
at wrappers.GenericWrappers.takeSnap(GenericWrappers.java:799)
at utils.Reporting.reportStep(Reporting.java:33)
at wrappers.GenericWrappers.takeSnap(GenericWrappers.java:799)
at utils.Reporting.reportStep(Reporting.java:33)
at wrappers.GenericWrappers.takeSnap(GenericWrappers.java:799)
at utils.Reporting.reportStep(Reporting.java:33)
at wrappers.GenericWrappers.takeSnap(GenericWrappers.java:799)
at utils.Reporting.reportStep(Reporting.java:33)
at wrappers.GenericWrappers.takeSnap(GenericWrappers.java:799)
at utils.Reporting.reportStep(Reporting.java:33)
at wrappers.GenericWrappers.takeSnap(GenericWrappers.java:799)
at utils.Reporting.reportStep(Reporting.java:33)
at wrappers.GenericWrappers.takeSnap(GenericWrappers.java:799)
at utils.Reporting.reportStep(Reporting.java:33)
at wrappers.GenericWrappers.takeSnap(GenericWrappers.java:799)
at utils.Reporting.reportStep(Reporting.java:33)
at wrappers.GenericWrappers.takeSnap(GenericWrappers.java:799)
at utils.Reporting.reportStep(Reporting.java:33)
at wrappers.GenericWrappers.takeSnap(GenericWrappers.java:799)
at utils.Reporting.reportStep(Reporting.java:33)
at wrappers.GenericWrappers.takeSnap(GenericWrappers.java:799)
at utils.Reporting.reportStep(Reporting.java:33)
at wrappers.GenericWrappers.takeSnap(GenericWrappers.java:799)
at utils.Reporting.reportStep(Reporting.java:33)
at wrappers.GenericWrappers.takeSnap(GenericWrappers.java:799)
at utils.Reporting.reportStep(Reporting.java:33)
at wrappers.GenericWrappers.takeSnap(GenericWrappers.java:799)
at utils.Reporting.reportStep(Reporting.java:33)
at wrappers.GenericWrappers.takeSnap(GenericWrappers.java:799)
at utils.Reporting.reportStep(Reporting.java:33)
at wrappers.GenericWrappers.takeSnap(GenericWrappers.java:799)
at utils.Reporting.reportStep(Reporting.java:33)
at wrappers.GenericWrappers.takeSnap(GenericWrappers.java:799)
at utils.Reporting.reportStep(Reporting.java:33)
at wrappers.GenericWrappers.takeSnap(GenericWrappers.java:799)
at utils.Reporting.reportStep(Reporting.java:33)
at wrappers.GenericWrappers.takeSnap(GenericWrappers.java:799)
]]>
            </full-stacktrace>
          </exception> <!-- java.lang.StackOverflowError -->
          <reporter-output>
          </reporter-output>
        </test-method> <!-- PanApplication -->
        <test-method status="SKIP" signature="afterMethod()[pri:0, instance:pom.pan.testcases.TC008@5ce81285]" name="afterMethod" is-config="true" duration-ms="0" started-at="2021-12-15T13:19:27Z" finished-at="2021-12-15T13:19:27Z">
          <reporter-output>
          </reporter-output>
        </test-method> <!-- afterMethod -->
        <test-method status="PASS" signature="afterTest()[pri:0, instance:pom.pan.testcases.TC008@5ce81285]" name="afterTest" is-config="true" duration-ms="1" started-at="2021-12-15T13:19:27Z" finished-at="2021-12-15T13:19:27Z">
          <reporter-output>
          </reporter-output>
        </test-method> <!-- afterTest -->
        <test-method status="PASS" signature="afterSuite()[pri:0, instance:pom.pan.testcases.TC008@5ce81285]" name="afterSuite" is-config="true" duration-ms="528" started-at="2021-12-15T13:19:27Z" finished-at="2021-12-15T13:19:28Z">
          <reporter-output>
          </reporter-output>
        </test-method> <!-- afterSuite -->
      </class> <!-- pom.pan.testcases.TC008 -->
    </test> <!-- Default test -->
  </suite> <!-- Default suite -->
</testng-results>
